Copyright 1986-2019 Xilinx, Inc. All Rights Reserved.
------------------------------------------------------------------------------------
| Tool Version : Vivado v.2019.1 (win64) Build 2552052 Fri May 24 14:49:42 MDT 2019
| Date         : Thu Aug 24 17:05:59 2023
| Host         : DESKTOP-FOLVQ0B running 64-bit major release  (build 9200)
| Command      : upgrade_ip
| Device       : xc7z010clg400-1
------------------------------------------------------------------------------------

Upgrade Log for IP 'design_1_streaming_ans_ip_0_0'

1. Summary
----------

SUCCESS in the upgrade of design_1_streaming_ans_ip_0_0 (xilinx.com:user:streaming_ans_ip:1.0) from (Rev. 2) to (Rev. 3)






Copyright 1986-2019 Xilinx, Inc. All Rights Reserved.
------------------------------------------------------------------------------------
| Tool Version : Vivado v.2019.1 (win64) Build 2552052 Fri May 24 14:49:42 MDT 2019
| Date         : Thu Aug 24 16:45:13 2023
| Host         : DESKTOP-FOLVQ0B running 64-bit major release  (build 9200)
| Command      : upgrade_ip
| Device       : xc7z010clg400-1
------------------------------------------------------------------------------------

Upgrade Log for IP 'design_1_streaming_ans_ip_0_0'

1. Summary
----------

SUCCESS in the conversion of design_1_streaming_ans_ip_0_0 (xilinx.com:user:streaming_ans_ip:1.0 (Rev. 2)) to Vivado generation flows.

