15:54:54 INFO  : Registering command handlers for SDK TCF services
15:54:54 INFO  : Launching XSCT server: xsct.bat -interactive C:\Users\pastu\Documents\Magisterka\vivado_test\streaming_ans_ip_8\streaming_ans_ip_8.sdk\temp_xsdb_launch_script.tcl
15:54:58 INFO  : XSCT server has started successfully.
15:54:58 INFO  : Successfully done setting XSCT server connection channel  
15:54:58 INFO  : Successfully done setting SDK workspace  
15:54:58 INFO  : Processing command line option -hwspec C:/Users/pastu/Documents/Magisterka/vivado_test/streaming_ans_ip_8/streaming_ans_ip_8.sdk/design_1_wrapper.hdf.
16:21:44 INFO  : Connected to target on host '127.0.0.1' and port '3121'.
16:21:44 INFO  : 'targets -set -filter {jtag_cable_name =~ "Digilent Zybo 210279A42842A" && level==0} -index 1' command is executed.
16:21:45 INFO  : FPGA configured successfully with bitstream "C:/Users/pastu/Documents/Magisterka/vivado_test/streaming_ans_ip_8/streaming_ans_ip_8.sdk/design_1_wrapper_hw_platform_0/design_1_wrapper.bit"
16:26:17 INFO  : Connected to target on host '127.0.0.1' and port '3121'.
16:26:17 INFO  : 'targets -set -filter {jtag_cable_name =~ "Digilent Zybo 210279A42842A" && level==0} -index 1' command is executed.
16:26:18 INFO  : FPGA configured successfully with bitstream "C:/Users/pastu/Documents/Magisterka/vivado_test/streaming_ans_ip_8/streaming_ans_ip_8.sdk/design_1_wrapper_hw_platform_0/design_1_wrapper.bit"
16:26:27 INFO  : 'targets -set -filter {jtag_cable_name =~ "Digilent Zybo 210279A42842A" && level==0} -index 1' command is executed.
16:26:27 INFO  : 'fpga -state' command is executed.
16:26:27 INFO  : Connected to target on host '127.0.0.1' and port '3121'.
16:26:28 INFO  : Jtag cable 'Digilent Zybo 210279A42842A' is selected.
16:26:28 INFO  : 'jtag frequency' command is executed.
16:26:28 INFO  : Sourcing of 'C:/Users/pastu/Documents/Magisterka/vivado_test/streaming_ans_ip_8/streaming_ans_ip_8.sdk/design_1_wrapper_hw_platform_0/ps7_init.tcl' is done.
16:26:28 INFO  : Context for 'APU' is selected.
16:26:28 INFO  : Hardware design information is loaded from 'C:/Users/pastu/Documents/Magisterka/vivado_test/streaming_ans_ip_8/streaming_ans_ip_8.sdk/design_1_wrapper_hw_platform_0/system.hdf'.
16:26:28 INFO  : 'configparams force-mem-access 1' command is executed.
16:26:28 INFO  : Context for 'APU' is selected.
16:26:28 INFO  : 'stop' command is executed.
16:26:29 INFO  : 'ps7_init' command is executed.
16:26:29 INFO  : 'ps7_post_config' command is executed.
16:26:29 INFO  : Context for processor 'ps7_cortexa9_0' is selected.
16:26:29 INFO  : Processor reset is completed for 'ps7_cortexa9_0'.
16:26:29 INFO  : Context for processor 'ps7_cortexa9_0' is selected.
16:26:29 INFO  : The application 'C:/Users/pastu/Documents/Magisterka/vivado_test/streaming_ans_ip_8/streaming_ans_ip_8.sdk/codec_demo_app/Debug/codec_demo_app.elf' is downloaded to processor 'ps7_cortexa9_0'.
16:26:29 INFO  : 'configparams force-mem-access 0' command is executed.
16:26:29 INFO  : ----------------XSDB Script----------------
connect -url tcp:127.0.0.1:3121
source C:/Users/pastu/Documents/Magisterka/vivado_test/streaming_ans_ip_8/streaming_ans_ip_8.sdk/design_1_wrapper_hw_platform_0/ps7_init.tcl
targets -set -nocase -filter {name =~"APU*" && jtag_cable_name =~ "Digilent Zybo 210279A42842A"} -index 0
loadhw -hw C:/Users/pastu/Documents/Magisterka/vivado_test/streaming_ans_ip_8/streaming_ans_ip_8.sdk/design_1_wrapper_hw_platform_0/system.hdf -mem-ranges [list {0x40000000 0xbfffffff}]
configparams force-mem-access 1
targets -set -nocase -filter {name =~"APU*" && jtag_cable_name =~ "Digilent Zybo 210279A42842A"} -index 0
stop
ps7_init
ps7_post_config
targets -set -nocase -filter {name =~ "ARM*#0" && jtag_cable_name =~ "Digilent Zybo 210279A42842A"} -index 0
rst -processor
targets -set -nocase -filter {name =~ "ARM*#0" && jtag_cable_name =~ "Digilent Zybo 210279A42842A"} -index 0
dow C:/Users/pastu/Documents/Magisterka/vivado_test/streaming_ans_ip_8/streaming_ans_ip_8.sdk/codec_demo_app/Debug/codec_demo_app.elf
configparams force-mem-access 0
----------------End of Script----------------

16:26:29 INFO  : Memory regions updated for context APU
16:26:29 INFO  : Context for processor 'ps7_cortexa9_0' is selected.
16:26:29 INFO  : 'con' command is executed.
16:26:29 INFO  : ----------------XSDB Script (After Launch)----------------
targets -set -nocase -filter {name =~ "ARM*#0" && jtag_cable_name =~ "Digilent Zybo 210279A42842A"} -index 0
con
----------------End of Script----------------

16:26:29 INFO  : Launch script is exported to file 'C:\Users\pastu\Documents\Magisterka\vivado_test\streaming_ans_ip_8\streaming_ans_ip_8.sdk\.sdk\launch_scripts\xilinx_c-c++_application_(system_debugger)\system_debugger_using_debug_codec_demo_app.elf_on_local.tcl'
16:27:53 INFO  : Disconnected from the channel tcfchan#1.
16:27:54 INFO  : 'targets -set -filter {jtag_cable_name =~ "Digilent Zybo 210279A42842A" && level==0} -index 1' command is executed.
16:27:54 INFO  : 'fpga -state' command is executed.
16:27:54 INFO  : Connected to target on host '127.0.0.1' and port '3121'.
16:27:54 INFO  : Jtag cable 'Digilent Zybo 210279A42842A' is selected.
16:27:54 INFO  : 'jtag frequency' command is executed.
16:27:54 INFO  : Sourcing of 'C:/Users/pastu/Documents/Magisterka/vivado_test/streaming_ans_ip_8/streaming_ans_ip_8.sdk/design_1_wrapper_hw_platform_0/ps7_init.tcl' is done.
16:27:54 INFO  : Context for 'APU' is selected.
16:27:57 INFO  : Hardware design information is loaded from 'C:/Users/pastu/Documents/Magisterka/vivado_test/streaming_ans_ip_8/streaming_ans_ip_8.sdk/design_1_wrapper_hw_platform_0/system.hdf'.
16:27:57 INFO  : 'configparams force-mem-access 1' command is executed.
16:27:57 INFO  : Context for 'APU' is selected.
16:27:57 INFO  : 'stop' command is executed.
16:27:58 INFO  : 'ps7_init' command is executed.
16:27:58 INFO  : 'ps7_post_config' command is executed.
16:27:58 INFO  : Context for processor 'ps7_cortexa9_0' is selected.
16:27:58 INFO  : Processor reset is completed for 'ps7_cortexa9_0'.
16:27:58 INFO  : Context for processor 'ps7_cortexa9_0' is selected.
16:27:58 INFO  : The application 'C:/Users/pastu/Documents/Magisterka/vivado_test/streaming_ans_ip_8/streaming_ans_ip_8.sdk/codec_demo_app/Debug/codec_demo_app.elf' is downloaded to processor 'ps7_cortexa9_0'.
16:27:58 INFO  : 'configparams force-mem-access 0' command is executed.
16:27:58 INFO  : ----------------XSDB Script----------------
connect -url tcp:127.0.0.1:3121
source C:/Users/pastu/Documents/Magisterka/vivado_test/streaming_ans_ip_8/streaming_ans_ip_8.sdk/design_1_wrapper_hw_platform_0/ps7_init.tcl
targets -set -nocase -filter {name =~"APU*" && jtag_cable_name =~ "Digilent Zybo 210279A42842A"} -index 0
loadhw -hw C:/Users/pastu/Documents/Magisterka/vivado_test/streaming_ans_ip_8/streaming_ans_ip_8.sdk/design_1_wrapper_hw_platform_0/system.hdf -mem-ranges [list {0x40000000 0xbfffffff}]
configparams force-mem-access 1
targets -set -nocase -filter {name =~"APU*" && jtag_cable_name =~ "Digilent Zybo 210279A42842A"} -index 0
stop
ps7_init
ps7_post_config
targets -set -nocase -filter {name =~ "ARM*#0" && jtag_cable_name =~ "Digilent Zybo 210279A42842A"} -index 0
rst -processor
targets -set -nocase -filter {name =~ "ARM*#0" && jtag_cable_name =~ "Digilent Zybo 210279A42842A"} -index 0
dow C:/Users/pastu/Documents/Magisterka/vivado_test/streaming_ans_ip_8/streaming_ans_ip_8.sdk/codec_demo_app/Debug/codec_demo_app.elf
configparams force-mem-access 0
----------------End of Script----------------

16:27:58 INFO  : Memory regions updated for context APU
16:27:59 INFO  : Context for processor 'ps7_cortexa9_0' is selected.
16:27:59 INFO  : 'con' command is executed.
16:27:59 INFO  : ----------------XSDB Script (After Launch)----------------
targets -set -nocase -filter {name =~ "ARM*#0" && jtag_cable_name =~ "Digilent Zybo 210279A42842A"} -index 0
con
----------------End of Script----------------

16:27:59 INFO  : Launch script is exported to file 'C:\Users\pastu\Documents\Magisterka\vivado_test\streaming_ans_ip_8\streaming_ans_ip_8.sdk\.sdk\launch_scripts\xilinx_c-c++_application_(system_debugger)\system_debugger_using_debug_codec_demo_app.elf_on_local.tcl'
16:28:13 INFO  : Disconnected from the channel tcfchan#2.
16:28:14 INFO  : 'targets -set -filter {jtag_cable_name =~ "Digilent Zybo 210279A42842A" && level==0} -index 1' command is executed.
16:28:14 INFO  : 'fpga -state' command is executed.
16:28:14 INFO  : Connected to target on host '127.0.0.1' and port '3121'.
16:28:15 INFO  : Jtag cable 'Digilent Zybo 210279A42842A' is selected.
16:28:15 INFO  : 'jtag frequency' command is executed.
16:28:15 INFO  : Sourcing of 'C:/Users/pastu/Documents/Magisterka/vivado_test/streaming_ans_ip_8/streaming_ans_ip_8.sdk/design_1_wrapper_hw_platform_0/ps7_init.tcl' is done.
16:28:15 INFO  : Context for 'APU' is selected.
16:28:16 INFO  : Hardware design information is loaded from 'C:/Users/pastu/Documents/Magisterka/vivado_test/streaming_ans_ip_8/streaming_ans_ip_8.sdk/design_1_wrapper_hw_platform_0/system.hdf'.
16:28:16 INFO  : 'configparams force-mem-access 1' command is executed.
16:28:16 INFO  : Context for 'APU' is selected.
16:28:17 INFO  : 'stop' command is executed.
16:28:17 INFO  : 'ps7_init' command is executed.
16:28:17 INFO  : 'ps7_post_config' command is executed.
16:28:17 INFO  : Context for processor 'ps7_cortexa9_0' is selected.
16:28:17 INFO  : Processor reset is completed for 'ps7_cortexa9_0'.
16:28:17 INFO  : Context for processor 'ps7_cortexa9_0' is selected.
16:28:17 INFO  : The application 'C:/Users/pastu/Documents/Magisterka/vivado_test/streaming_ans_ip_8/streaming_ans_ip_8.sdk/codec_demo_app/Debug/codec_demo_app.elf' is downloaded to processor 'ps7_cortexa9_0'.
16:28:17 INFO  : 'configparams force-mem-access 0' command is executed.
16:28:17 INFO  : ----------------XSDB Script----------------
connect -url tcp:127.0.0.1:3121
source C:/Users/pastu/Documents/Magisterka/vivado_test/streaming_ans_ip_8/streaming_ans_ip_8.sdk/design_1_wrapper_hw_platform_0/ps7_init.tcl
targets -set -nocase -filter {name =~"APU*" && jtag_cable_name =~ "Digilent Zybo 210279A42842A"} -index 0
loadhw -hw C:/Users/pastu/Documents/Magisterka/vivado_test/streaming_ans_ip_8/streaming_ans_ip_8.sdk/design_1_wrapper_hw_platform_0/system.hdf -mem-ranges [list {0x40000000 0xbfffffff}]
configparams force-mem-access 1
targets -set -nocase -filter {name =~"APU*" && jtag_cable_name =~ "Digilent Zybo 210279A42842A"} -index 0
stop
ps7_init
ps7_post_config
targets -set -nocase -filter {name =~ "ARM*#0" && jtag_cable_name =~ "Digilent Zybo 210279A42842A"} -index 0
rst -processor
targets -set -nocase -filter {name =~ "ARM*#0" && jtag_cable_name =~ "Digilent Zybo 210279A42842A"} -index 0
dow C:/Users/pastu/Documents/Magisterka/vivado_test/streaming_ans_ip_8/streaming_ans_ip_8.sdk/codec_demo_app/Debug/codec_demo_app.elf
configparams force-mem-access 0
----------------End of Script----------------

16:28:17 INFO  : Memory regions updated for context APU
16:28:17 INFO  : Context for processor 'ps7_cortexa9_0' is selected.
16:28:17 INFO  : 'con' command is executed.
16:28:17 INFO  : ----------------XSDB Script (After Launch)----------------
targets -set -nocase -filter {name =~ "ARM*#0" && jtag_cable_name =~ "Digilent Zybo 210279A42842A"} -index 0
con
----------------End of Script----------------

16:28:17 INFO  : Launch script is exported to file 'C:\Users\pastu\Documents\Magisterka\vivado_test\streaming_ans_ip_8\streaming_ans_ip_8.sdk\.sdk\launch_scripts\xilinx_c-c++_application_(system_debugger)\system_debugger_using_debug_codec_demo_app.elf_on_local.tcl'
16:28:28 INFO  : Connected to target on host '127.0.0.1' and port '3121'.
16:28:28 INFO  : 'targets -set -filter {jtag_cable_name =~ "Digilent Zybo 210279A42842A" && level==0} -index 1' command is executed.
16:28:29 INFO  : FPGA configured successfully with bitstream "C:/Users/pastu/Documents/Magisterka/vivado_test/streaming_ans_ip_8/streaming_ans_ip_8.sdk/design_1_wrapper_hw_platform_0/design_1_wrapper.bit"
16:28:34 INFO  : Disconnected from the channel tcfchan#3.
16:28:35 INFO  : 'targets -set -filter {jtag_cable_name =~ "Digilent Zybo 210279A42842A" && level==0} -index 1' command is executed.
16:28:35 INFO  : 'fpga -state' command is executed.
16:28:35 INFO  : Connected to target on host '127.0.0.1' and port '3121'.
16:28:35 INFO  : Jtag cable 'Digilent Zybo 210279A42842A' is selected.
16:28:35 INFO  : 'jtag frequency' command is executed.
16:28:35 INFO  : Sourcing of 'C:/Users/pastu/Documents/Magisterka/vivado_test/streaming_ans_ip_8/streaming_ans_ip_8.sdk/design_1_wrapper_hw_platform_0/ps7_init.tcl' is done.
16:28:36 INFO  : Context for 'APU' is selected.
16:28:38 INFO  : Hardware design information is loaded from 'C:/Users/pastu/Documents/Magisterka/vivado_test/streaming_ans_ip_8/streaming_ans_ip_8.sdk/design_1_wrapper_hw_platform_0/system.hdf'.
16:28:38 INFO  : 'configparams force-mem-access 1' command is executed.
16:28:38 INFO  : Context for 'APU' is selected.
16:28:38 INFO  : 'stop' command is executed.
16:28:40 INFO  : 'ps7_init' command is executed.
16:28:40 INFO  : 'ps7_post_config' command is executed.
16:28:40 INFO  : Context for processor 'ps7_cortexa9_0' is selected.
16:28:40 INFO  : Processor reset is completed for 'ps7_cortexa9_0'.
16:28:40 INFO  : Context for processor 'ps7_cortexa9_0' is selected.
16:28:42 ERROR : Memory write error at 0x100000. AP transaction timeout
16:28:42 INFO  : ----------------XSDB Script----------------
connect -url tcp:127.0.0.1:3121
source C:/Users/pastu/Documents/Magisterka/vivado_test/streaming_ans_ip_8/streaming_ans_ip_8.sdk/design_1_wrapper_hw_platform_0/ps7_init.tcl
targets -set -nocase -filter {name =~"APU*" && jtag_cable_name =~ "Digilent Zybo 210279A42842A"} -index 0
loadhw -hw C:/Users/pastu/Documents/Magisterka/vivado_test/streaming_ans_ip_8/streaming_ans_ip_8.sdk/design_1_wrapper_hw_platform_0/system.hdf -mem-ranges [list {0x40000000 0xbfffffff}]
configparams force-mem-access 1
targets -set -nocase -filter {name =~"APU*" && jtag_cable_name =~ "Digilent Zybo 210279A42842A"} -index 0
stop
ps7_init
ps7_post_config
targets -set -nocase -filter {name =~ "ARM*#0" && jtag_cable_name =~ "Digilent Zybo 210279A42842A"} -index 0
rst -processor
targets -set -nocase -filter {name =~ "ARM*#0" && jtag_cable_name =~ "Digilent Zybo 210279A42842A"} -index 0
dow C:/Users/pastu/Documents/Magisterka/vivado_test/streaming_ans_ip_8/streaming_ans_ip_8.sdk/codec_demo_app/Debug/codec_demo_app.elf
----------------End of Script----------------

16:28:52 INFO  : Connected to target on host '127.0.0.1' and port '3121'.
16:28:52 INFO  : 'targets -set -filter {jtag_cable_name =~ "Digilent Zybo 210279A42842A" && level==0} -index 1' command is executed.
16:28:53 INFO  : FPGA configured successfully with bitstream "C:/Users/pastu/Documents/Magisterka/vivado_test/streaming_ans_ip_8/streaming_ans_ip_8.sdk/design_1_wrapper_hw_platform_0/design_1_wrapper.bit"
16:28:58 INFO  : 'targets -set -filter {jtag_cable_name =~ "Digilent Zybo 210279A42842A" && level==0} -index 1' command is executed.
16:28:58 INFO  : 'fpga -state' command is executed.
16:28:58 INFO  : Connected to target on host '127.0.0.1' and port '3121'.
16:28:58 INFO  : Jtag cable 'Digilent Zybo 210279A42842A' is selected.
16:28:58 INFO  : 'jtag frequency' command is executed.
16:28:58 INFO  : Sourcing of 'C:/Users/pastu/Documents/Magisterka/vivado_test/streaming_ans_ip_8/streaming_ans_ip_8.sdk/design_1_wrapper_hw_platform_0/ps7_init.tcl' is done.
16:29:01 ERROR : no targets found with "name =~"APU*" && jtag_cable_name =~ "Digilent Zybo 210279A42842A"". available targets:
  2  DAP (JTAG port open error. AP transaction error, DAP status 30000021)
  1* xc7z010
16:29:01 INFO  : ----------------XSDB Script----------------
connect -url tcp:127.0.0.1:3121
source C:/Users/pastu/Documents/Magisterka/vivado_test/streaming_ans_ip_8/streaming_ans_ip_8.sdk/design_1_wrapper_hw_platform_0/ps7_init.tcl
targets -set -nocase -filter {name =~"APU*" && jtag_cable_name =~ "Digilent Zybo 210279A42842A"} -index 0
----------------End of Script----------------

16:29:10 INFO  : 'targets -set -filter {jtag_cable_name =~ "Digilent Zybo 210279A42842A" && level==0} -index 1' command is executed.
16:29:10 INFO  : 'fpga -state' command is executed.
16:29:10 INFO  : Connected to target on host '127.0.0.1' and port '3121'.
16:29:10 INFO  : Jtag cable 'Digilent Zybo 210279A42842A' is selected.
16:29:10 INFO  : 'jtag frequency' command is executed.
16:29:10 INFO  : Sourcing of 'C:/Users/pastu/Documents/Magisterka/vivado_test/streaming_ans_ip_8/streaming_ans_ip_8.sdk/design_1_wrapper_hw_platform_0/ps7_init.tcl' is done.
16:29:13 ERROR : no targets found with "name =~"APU*" && jtag_cable_name =~ "Digilent Zybo 210279A42842A"". available targets:
  2  DAP (JTAG port open error. AP transaction error, DAP status 30000021)
  1* xc7z010
16:29:13 INFO  : ----------------XSDB Script----------------
connect -url tcp:127.0.0.1:3121
source C:/Users/pastu/Documents/Magisterka/vivado_test/streaming_ans_ip_8/streaming_ans_ip_8.sdk/design_1_wrapper_hw_platform_0/ps7_init.tcl
targets -set -nocase -filter {name =~"APU*" && jtag_cable_name =~ "Digilent Zybo 210279A42842A"} -index 0
----------------End of Script----------------

16:30:05 INFO  : Connected to target on host '127.0.0.1' and port '3121'.
16:30:05 INFO  : 'targets -set -filter {jtag_cable_name =~ "Digilent Zybo 210279A42842A" && level==0} -index 1' command is executed.
16:30:06 INFO  : FPGA configured successfully with bitstream "C:/Users/pastu/Documents/Magisterka/vivado_test/streaming_ans_ip_8/streaming_ans_ip_8.sdk/design_1_wrapper_hw_platform_0/design_1_wrapper.bit"
16:30:14 INFO  : 'targets -set -filter {jtag_cable_name =~ "Digilent Zybo 210279A42842A" && level==0} -index 1' command is executed.
16:30:14 INFO  : 'fpga -state' command is executed.
16:30:14 INFO  : Connected to target on host '127.0.0.1' and port '3121'.
16:30:14 INFO  : Jtag cable 'Digilent Zybo 210279A42842A' is selected.
16:30:14 INFO  : 'jtag frequency' command is executed.
16:30:14 INFO  : Sourcing of 'C:/Users/pastu/Documents/Magisterka/vivado_test/streaming_ans_ip_8/streaming_ans_ip_8.sdk/design_1_wrapper_hw_platform_0/ps7_init.tcl' is done.
16:30:14 INFO  : Context for 'APU' is selected.
16:30:14 INFO  : Hardware design information is loaded from 'C:/Users/pastu/Documents/Magisterka/vivado_test/streaming_ans_ip_8/streaming_ans_ip_8.sdk/design_1_wrapper_hw_platform_0/system.hdf'.
16:30:14 INFO  : 'configparams force-mem-access 1' command is executed.
16:30:14 INFO  : Context for 'APU' is selected.
16:30:14 INFO  : 'stop' command is executed.
16:30:15 INFO  : 'ps7_init' command is executed.
16:30:15 INFO  : 'ps7_post_config' command is executed.
16:30:15 INFO  : Context for processor 'ps7_cortexa9_0' is selected.
16:30:15 INFO  : Processor reset is completed for 'ps7_cortexa9_0'.
16:30:15 INFO  : Context for processor 'ps7_cortexa9_0' is selected.
16:30:15 INFO  : The application 'C:/Users/pastu/Documents/Magisterka/vivado_test/streaming_ans_ip_8/streaming_ans_ip_8.sdk/codec_demo_app/Debug/codec_demo_app.elf' is downloaded to processor 'ps7_cortexa9_0'.
16:30:15 INFO  : 'configparams force-mem-access 0' command is executed.
16:30:15 INFO  : ----------------XSDB Script----------------
connect -url tcp:127.0.0.1:3121
source C:/Users/pastu/Documents/Magisterka/vivado_test/streaming_ans_ip_8/streaming_ans_ip_8.sdk/design_1_wrapper_hw_platform_0/ps7_init.tcl
targets -set -nocase -filter {name =~"APU*" && jtag_cable_name =~ "Digilent Zybo 210279A42842A"} -index 0
loadhw -hw C:/Users/pastu/Documents/Magisterka/vivado_test/streaming_ans_ip_8/streaming_ans_ip_8.sdk/design_1_wrapper_hw_platform_0/system.hdf -mem-ranges [list {0x40000000 0xbfffffff}]
configparams force-mem-access 1
targets -set -nocase -filter {name =~"APU*" && jtag_cable_name =~ "Digilent Zybo 210279A42842A"} -index 0
stop
ps7_init
ps7_post_config
targets -set -nocase -filter {name =~ "ARM*#0" && jtag_cable_name =~ "Digilent Zybo 210279A42842A"} -index 0
rst -processor
targets -set -nocase -filter {name =~ "ARM*#0" && jtag_cable_name =~ "Digilent Zybo 210279A42842A"} -index 0
dow C:/Users/pastu/Documents/Magisterka/vivado_test/streaming_ans_ip_8/streaming_ans_ip_8.sdk/codec_demo_app/Debug/codec_demo_app.elf
configparams force-mem-access 0
----------------End of Script----------------

16:30:16 INFO  : Memory regions updated for context APU
16:30:16 INFO  : Context for processor 'ps7_cortexa9_0' is selected.
16:30:16 INFO  : 'con' command is executed.
16:30:16 INFO  : ----------------XSDB Script (After Launch)----------------
targets -set -nocase -filter {name =~ "ARM*#0" && jtag_cable_name =~ "Digilent Zybo 210279A42842A"} -index 0
con
----------------End of Script----------------

16:30:16 INFO  : Launch script is exported to file 'C:\Users\pastu\Documents\Magisterka\vivado_test\streaming_ans_ip_8\streaming_ans_ip_8.sdk\.sdk\launch_scripts\xilinx_c-c++_application_(system_debugger)\system_debugger_using_debug_codec_demo_app.elf_on_local.tcl'
16:31:14 INFO  : Disconnected from the channel tcfchan#4.
16:31:15 INFO  : 'targets -set -filter {jtag_cable_name =~ "Digilent Zybo 210279A42842A" && level==0} -index 1' command is executed.
16:31:15 INFO  : 'fpga -state' command is executed.
16:31:15 INFO  : Connected to target on host '127.0.0.1' and port '3121'.
16:31:16 INFO  : Jtag cable 'Digilent Zybo 210279A42842A' is selected.
16:31:16 INFO  : 'jtag frequency' command is executed.
16:31:16 INFO  : Sourcing of 'C:/Users/pastu/Documents/Magisterka/vivado_test/streaming_ans_ip_8/streaming_ans_ip_8.sdk/design_1_wrapper_hw_platform_0/ps7_init.tcl' is done.
16:31:16 INFO  : Context for 'APU' is selected.
16:31:18 INFO  : Hardware design information is loaded from 'C:/Users/pastu/Documents/Magisterka/vivado_test/streaming_ans_ip_8/streaming_ans_ip_8.sdk/design_1_wrapper_hw_platform_0/system.hdf'.
16:31:18 INFO  : 'configparams force-mem-access 1' command is executed.
16:31:18 INFO  : Context for 'APU' is selected.
16:31:18 INFO  : 'stop' command is executed.
16:31:19 INFO  : 'ps7_init' command is executed.
16:31:19 INFO  : 'ps7_post_config' command is executed.
16:31:19 INFO  : Context for processor 'ps7_cortexa9_0' is selected.
16:31:19 INFO  : Processor reset is completed for 'ps7_cortexa9_0'.
16:31:19 INFO  : Context for processor 'ps7_cortexa9_0' is selected.
16:31:19 INFO  : The application 'C:/Users/pastu/Documents/Magisterka/vivado_test/streaming_ans_ip_8/streaming_ans_ip_8.sdk/codec_demo_app/Debug/codec_demo_app.elf' is downloaded to processor 'ps7_cortexa9_0'.
16:31:19 INFO  : 'configparams force-mem-access 0' command is executed.
16:31:19 INFO  : ----------------XSDB Script----------------
connect -url tcp:127.0.0.1:3121
source C:/Users/pastu/Documents/Magisterka/vivado_test/streaming_ans_ip_8/streaming_ans_ip_8.sdk/design_1_wrapper_hw_platform_0/ps7_init.tcl
targets -set -nocase -filter {name =~"APU*" && jtag_cable_name =~ "Digilent Zybo 210279A42842A"} -index 0
loadhw -hw C:/Users/pastu/Documents/Magisterka/vivado_test/streaming_ans_ip_8/streaming_ans_ip_8.sdk/design_1_wrapper_hw_platform_0/system.hdf -mem-ranges [list {0x40000000 0xbfffffff}]
configparams force-mem-access 1
targets -set -nocase -filter {name =~"APU*" && jtag_cable_name =~ "Digilent Zybo 210279A42842A"} -index 0
stop
ps7_init
ps7_post_config
targets -set -nocase -filter {name =~ "ARM*#0" && jtag_cable_name =~ "Digilent Zybo 210279A42842A"} -index 0
rst -processor
targets -set -nocase -filter {name =~ "ARM*#0" && jtag_cable_name =~ "Digilent Zybo 210279A42842A"} -index 0
dow C:/Users/pastu/Documents/Magisterka/vivado_test/streaming_ans_ip_8/streaming_ans_ip_8.sdk/codec_demo_app/Debug/codec_demo_app.elf
configparams force-mem-access 0
----------------End of Script----------------

16:31:19 INFO  : Memory regions updated for context APU
16:31:19 INFO  : Context for processor 'ps7_cortexa9_0' is selected.
16:31:19 INFO  : 'con' command is executed.
16:31:19 INFO  : ----------------XSDB Script (After Launch)----------------
targets -set -nocase -filter {name =~ "ARM*#0" && jtag_cable_name =~ "Digilent Zybo 210279A42842A"} -index 0
con
----------------End of Script----------------

16:31:19 INFO  : Launch script is exported to file 'C:\Users\pastu\Documents\Magisterka\vivado_test\streaming_ans_ip_8\streaming_ans_ip_8.sdk\.sdk\launch_scripts\xilinx_c-c++_application_(system_debugger)\system_debugger_using_debug_codec_demo_app.elf_on_local.tcl'
16:41:17 INFO  : Disconnected from the channel tcfchan#5.
16:41:18 INFO  : 'targets -set -filter {jtag_cable_name =~ "Digilent Zybo 210279A42842A" && level==0} -index 1' command is executed.
16:41:18 INFO  : 'fpga -state' command is executed.
16:41:18 INFO  : Connected to target on host '127.0.0.1' and port '3121'.
16:41:18 INFO  : Jtag cable 'Digilent Zybo 210279A42842A' is selected.
16:41:18 INFO  : 'jtag frequency' command is executed.
16:41:18 INFO  : Sourcing of 'C:/Users/pastu/Documents/Magisterka/vivado_test/streaming_ans_ip_8/streaming_ans_ip_8.sdk/design_1_wrapper_hw_platform_0/ps7_init.tcl' is done.
16:41:18 INFO  : Context for 'APU' is selected.
16:41:21 INFO  : Hardware design information is loaded from 'C:/Users/pastu/Documents/Magisterka/vivado_test/streaming_ans_ip_8/streaming_ans_ip_8.sdk/design_1_wrapper_hw_platform_0/system.hdf'.
16:41:21 INFO  : 'configparams force-mem-access 1' command is executed.
16:41:21 INFO  : Context for 'APU' is selected.
16:41:21 INFO  : 'stop' command is executed.
16:41:21 INFO  : 'ps7_init' command is executed.
16:41:21 INFO  : 'ps7_post_config' command is executed.
16:41:21 INFO  : Context for processor 'ps7_cortexa9_0' is selected.
16:41:21 INFO  : Processor reset is completed for 'ps7_cortexa9_0'.
16:41:21 INFO  : Context for processor 'ps7_cortexa9_0' is selected.
16:41:22 INFO  : The application 'C:/Users/pastu/Documents/Magisterka/vivado_test/streaming_ans_ip_8/streaming_ans_ip_8.sdk/codec_demo_app/Debug/codec_demo_app.elf' is downloaded to processor 'ps7_cortexa9_0'.
16:41:22 INFO  : 'configparams force-mem-access 0' command is executed.
16:41:22 INFO  : ----------------XSDB Script----------------
connect -url tcp:127.0.0.1:3121
source C:/Users/pastu/Documents/Magisterka/vivado_test/streaming_ans_ip_8/streaming_ans_ip_8.sdk/design_1_wrapper_hw_platform_0/ps7_init.tcl
targets -set -nocase -filter {name =~"APU*" && jtag_cable_name =~ "Digilent Zybo 210279A42842A"} -index 0
loadhw -hw C:/Users/pastu/Documents/Magisterka/vivado_test/streaming_ans_ip_8/streaming_ans_ip_8.sdk/design_1_wrapper_hw_platform_0/system.hdf -mem-ranges [list {0x40000000 0xbfffffff}]
configparams force-mem-access 1
targets -set -nocase -filter {name =~"APU*" && jtag_cable_name =~ "Digilent Zybo 210279A42842A"} -index 0
stop
ps7_init
ps7_post_config
targets -set -nocase -filter {name =~ "ARM*#0" && jtag_cable_name =~ "Digilent Zybo 210279A42842A"} -index 0
rst -processor
targets -set -nocase -filter {name =~ "ARM*#0" && jtag_cable_name =~ "Digilent Zybo 210279A42842A"} -index 0
dow C:/Users/pastu/Documents/Magisterka/vivado_test/streaming_ans_ip_8/streaming_ans_ip_8.sdk/codec_demo_app/Debug/codec_demo_app.elf
configparams force-mem-access 0
----------------End of Script----------------

16:41:22 INFO  : Memory regions updated for context APU
16:41:22 INFO  : Context for processor 'ps7_cortexa9_0' is selected.
16:41:22 INFO  : 'con' command is executed.
16:41:22 INFO  : ----------------XSDB Script (After Launch)----------------
targets -set -nocase -filter {name =~ "ARM*#0" && jtag_cable_name =~ "Digilent Zybo 210279A42842A"} -index 0
con
----------------End of Script----------------

16:41:22 INFO  : Launch script is exported to file 'C:\Users\pastu\Documents\Magisterka\vivado_test\streaming_ans_ip_8\streaming_ans_ip_8.sdk\.sdk\launch_scripts\xilinx_c-c++_application_(system_debugger)\system_debugger_using_debug_codec_demo_app.elf_on_local.tcl'
16:48:10 INFO  : Disconnected from the channel tcfchan#6.
16:52:33 INFO  : Registering command handlers for SDK TCF services
16:52:34 INFO  : Launching XSCT server: xsct.bat -interactive C:\Users\pastu\Documents\Magisterka\vivado_test\streaming_ans_ip_8\streaming_ans_ip_8.sdk\temp_xsdb_launch_script.tcl
16:52:38 INFO  : XSCT server has started successfully.
16:52:38 INFO  : Successfully done setting XSCT server connection channel  
16:52:43 INFO  : Successfully done setting SDK workspace  
16:52:43 INFO  : Processing command line option -hwspec C:/Users/pastu/Documents/Magisterka/vivado_test/streaming_ans_ip_8/streaming_ans_ip_8.sdk/design_1_wrapper.hdf.
16:52:43 INFO  : Checking for hwspec changes in the project design_1_wrapper_hw_platform_0.
16:52:49 INFO  : SDK has detected change in the last modified timestamps for source hardware specification file Source:1692888704668,  Project:1692884133212
16:52:49 INFO  : The hardware specification for project 'design_1_wrapper_hw_platform_0' is different from C:/Users/pastu/Documents/Magisterka/vivado_test/streaming_ans_ip_8/streaming_ans_ip_8.sdk/design_1_wrapper.hdf.
16:52:49 INFO  : Copied contents of C:/Users/pastu/Documents/Magisterka/vivado_test/streaming_ans_ip_8/streaming_ans_ip_8.sdk/design_1_wrapper.hdf into \design_1_wrapper_hw_platform_0\system.hdf.
16:52:54 INFO  : Synchronizing projects in the workspace with the hardware platform specification changes.
16:52:58 INFO  : 
16:52:58 INFO  : Updating hardware inferred compiler options for codec_demo_app.
16:52:58 INFO  : Clearing existing target manager status.
16:52:58 INFO  : Workspace synchronized with the new hardware specification file. Cleaning dependent projects...
16:53:01 WARN  : Linker script will not be updated automatically. Users need to update it manually.
16:54:01 INFO  : Connected to target on host '127.0.0.1' and port '3121'.
16:54:02 INFO  : 'targets -set -filter {jtag_cable_name =~ "Digilent Zybo 210279A42842A" && level==0} -index 1' command is executed.
16:54:03 INFO  : FPGA configured successfully with bitstream "C:/Users/pastu/Documents/Magisterka/vivado_test/streaming_ans_ip_8/streaming_ans_ip_8.sdk/design_1_wrapper_hw_platform_0/design_1_wrapper.bit"
16:54:30 INFO  : 'targets -set -filter {jtag_cable_name =~ "Digilent Zybo 210279A42842A" && level==0} -index 1' command is executed.
16:54:30 INFO  : 'fpga -state' command is executed.
16:54:30 INFO  : Connected to target on host '127.0.0.1' and port '3121'.
16:54:31 INFO  : Jtag cable 'Digilent Zybo 210279A42842A' is selected.
16:54:31 INFO  : 'jtag frequency' command is executed.
16:54:31 INFO  : Sourcing of 'C:/Users/pastu/Documents/Magisterka/vivado_test/streaming_ans_ip_8/streaming_ans_ip_8.sdk/design_1_wrapper_hw_platform_0/ps7_init.tcl' is done.
16:54:31 INFO  : Context for 'APU' is selected.
16:54:31 INFO  : Hardware design information is loaded from 'C:/Users/pastu/Documents/Magisterka/vivado_test/streaming_ans_ip_8/streaming_ans_ip_8.sdk/design_1_wrapper_hw_platform_0/system.hdf'.
16:54:31 INFO  : 'configparams force-mem-access 1' command is executed.
16:54:31 INFO  : Context for 'APU' is selected.
16:54:31 INFO  : 'stop' command is executed.
16:54:32 INFO  : 'ps7_init' command is executed.
16:54:32 INFO  : 'ps7_post_config' command is executed.
16:54:32 INFO  : Context for processor 'ps7_cortexa9_0' is selected.
16:54:32 INFO  : Processor reset is completed for 'ps7_cortexa9_0'.
16:54:32 INFO  : Context for processor 'ps7_cortexa9_0' is selected.
16:54:32 INFO  : The application 'C:/Users/pastu/Documents/Magisterka/vivado_test/streaming_ans_ip_8/streaming_ans_ip_8.sdk/codec_demo_app/Debug/codec_demo_app.elf' is downloaded to processor 'ps7_cortexa9_0'.
16:54:32 INFO  : 'configparams force-mem-access 0' command is executed.
16:54:32 INFO  : ----------------XSDB Script----------------
connect -url tcp:127.0.0.1:3121
source C:/Users/pastu/Documents/Magisterka/vivado_test/streaming_ans_ip_8/streaming_ans_ip_8.sdk/design_1_wrapper_hw_platform_0/ps7_init.tcl
targets -set -nocase -filter {name =~"APU*" && jtag_cable_name =~ "Digilent Zybo 210279A42842A"} -index 0
loadhw -hw C:/Users/pastu/Documents/Magisterka/vivado_test/streaming_ans_ip_8/streaming_ans_ip_8.sdk/design_1_wrapper_hw_platform_0/system.hdf -mem-ranges [list {0x40000000 0xbfffffff}]
configparams force-mem-access 1
targets -set -nocase -filter {name =~"APU*" && jtag_cable_name =~ "Digilent Zybo 210279A42842A"} -index 0
stop
ps7_init
ps7_post_config
targets -set -nocase -filter {name =~ "ARM*#0" && jtag_cable_name =~ "Digilent Zybo 210279A42842A"} -index 0
rst -processor
targets -set -nocase -filter {name =~ "ARM*#0" && jtag_cable_name =~ "Digilent Zybo 210279A42842A"} -index 0
dow C:/Users/pastu/Documents/Magisterka/vivado_test/streaming_ans_ip_8/streaming_ans_ip_8.sdk/codec_demo_app/Debug/codec_demo_app.elf
configparams force-mem-access 0
----------------End of Script----------------

16:54:32 INFO  : Memory regions updated for context APU
16:54:32 INFO  : Context for processor 'ps7_cortexa9_0' is selected.
16:54:32 INFO  : 'con' command is executed.
16:54:32 INFO  : ----------------XSDB Script (After Launch)----------------
targets -set -nocase -filter {name =~ "ARM*#0" && jtag_cable_name =~ "Digilent Zybo 210279A42842A"} -index 0
con
----------------End of Script----------------

16:54:32 INFO  : Launch script is exported to file 'C:\Users\pastu\Documents\Magisterka\vivado_test\streaming_ans_ip_8\streaming_ans_ip_8.sdk\.sdk\launch_scripts\xilinx_c-c++_application_(system_debugger)\system_debugger_using_debug_codec_demo_app.elf_on_local.tcl'
16:55:10 INFO  : Disconnected from the channel tcfchan#1.
16:55:11 INFO  : 'targets -set -filter {jtag_cable_name =~ "Digilent Zybo 210279A42842A" && level==0} -index 1' command is executed.
16:55:11 INFO  : 'fpga -state' command is executed.
16:55:11 INFO  : Connected to target on host '127.0.0.1' and port '3121'.
16:55:11 INFO  : Jtag cable 'Digilent Zybo 210279A42842A' is selected.
16:55:11 INFO  : 'jtag frequency' command is executed.
16:55:11 INFO  : Sourcing of 'C:/Users/pastu/Documents/Magisterka/vivado_test/streaming_ans_ip_8/streaming_ans_ip_8.sdk/design_1_wrapper_hw_platform_0/ps7_init.tcl' is done.
16:55:11 INFO  : Context for 'APU' is selected.
16:55:13 INFO  : Hardware design information is loaded from 'C:/Users/pastu/Documents/Magisterka/vivado_test/streaming_ans_ip_8/streaming_ans_ip_8.sdk/design_1_wrapper_hw_platform_0/system.hdf'.
16:55:13 INFO  : 'configparams force-mem-access 1' command is executed.
16:55:13 INFO  : Context for 'APU' is selected.
16:55:13 INFO  : 'stop' command is executed.
16:55:14 INFO  : 'ps7_init' command is executed.
16:55:14 INFO  : 'ps7_post_config' command is executed.
16:55:14 INFO  : Context for processor 'ps7_cortexa9_0' is selected.
16:55:14 INFO  : Processor reset is completed for 'ps7_cortexa9_0'.
16:55:14 INFO  : Context for processor 'ps7_cortexa9_0' is selected.
16:55:14 INFO  : The application 'C:/Users/pastu/Documents/Magisterka/vivado_test/streaming_ans_ip_8/streaming_ans_ip_8.sdk/codec_demo_app/Debug/codec_demo_app.elf' is downloaded to processor 'ps7_cortexa9_0'.
16:55:14 INFO  : 'configparams force-mem-access 0' command is executed.
16:55:14 INFO  : ----------------XSDB Script----------------
connect -url tcp:127.0.0.1:3121
source C:/Users/pastu/Documents/Magisterka/vivado_test/streaming_ans_ip_8/streaming_ans_ip_8.sdk/design_1_wrapper_hw_platform_0/ps7_init.tcl
targets -set -nocase -filter {name =~"APU*" && jtag_cable_name =~ "Digilent Zybo 210279A42842A"} -index 0
loadhw -hw C:/Users/pastu/Documents/Magisterka/vivado_test/streaming_ans_ip_8/streaming_ans_ip_8.sdk/design_1_wrapper_hw_platform_0/system.hdf -mem-ranges [list {0x40000000 0xbfffffff}]
configparams force-mem-access 1
targets -set -nocase -filter {name =~"APU*" && jtag_cable_name =~ "Digilent Zybo 210279A42842A"} -index 0
stop
ps7_init
ps7_post_config
targets -set -nocase -filter {name =~ "ARM*#0" && jtag_cable_name =~ "Digilent Zybo 210279A42842A"} -index 0
rst -processor
targets -set -nocase -filter {name =~ "ARM*#0" && jtag_cable_name =~ "Digilent Zybo 210279A42842A"} -index 0
dow C:/Users/pastu/Documents/Magisterka/vivado_test/streaming_ans_ip_8/streaming_ans_ip_8.sdk/codec_demo_app/Debug/codec_demo_app.elf
configparams force-mem-access 0
----------------End of Script----------------

16:55:14 INFO  : Memory regions updated for context APU
16:55:14 INFO  : Context for processor 'ps7_cortexa9_0' is selected.
16:55:14 INFO  : 'con' command is executed.
16:55:14 INFO  : ----------------XSDB Script (After Launch)----------------
targets -set -nocase -filter {name =~ "ARM*#0" && jtag_cable_name =~ "Digilent Zybo 210279A42842A"} -index 0
con
----------------End of Script----------------

16:55:14 INFO  : Launch script is exported to file 'C:\Users\pastu\Documents\Magisterka\vivado_test\streaming_ans_ip_8\streaming_ans_ip_8.sdk\.sdk\launch_scripts\xilinx_c-c++_application_(system_debugger)\system_debugger_using_debug_codec_demo_app.elf_on_local.tcl'
16:56:00 INFO  : Disconnected from the channel tcfchan#2.
16:56:02 INFO  : 'targets -set -filter {jtag_cable_name =~ "Digilent Zybo 210279A42842A" && level==0} -index 1' command is executed.
16:56:02 INFO  : 'fpga -state' command is executed.
16:56:02 INFO  : Connected to target on host '127.0.0.1' and port '3121'.
16:56:02 INFO  : Jtag cable 'Digilent Zybo 210279A42842A' is selected.
16:56:02 INFO  : 'jtag frequency' command is executed.
16:56:02 INFO  : Sourcing of 'C:/Users/pastu/Documents/Magisterka/vivado_test/streaming_ans_ip_8/streaming_ans_ip_8.sdk/design_1_wrapper_hw_platform_0/ps7_init.tcl' is done.
16:56:02 INFO  : Context for 'APU' is selected.
16:56:02 INFO  : Hardware design information is loaded from 'C:/Users/pastu/Documents/Magisterka/vivado_test/streaming_ans_ip_8/streaming_ans_ip_8.sdk/design_1_wrapper_hw_platform_0/system.hdf'.
16:56:02 INFO  : 'configparams force-mem-access 1' command is executed.
16:56:02 INFO  : Context for 'APU' is selected.
16:56:02 INFO  : 'stop' command is executed.
16:56:03 INFO  : 'ps7_init' command is executed.
16:56:03 INFO  : 'ps7_post_config' command is executed.
16:56:03 INFO  : Context for processor 'ps7_cortexa9_0' is selected.
16:56:03 INFO  : Processor reset is completed for 'ps7_cortexa9_0'.
16:56:03 INFO  : Context for processor 'ps7_cortexa9_0' is selected.
16:56:03 INFO  : The application 'C:/Users/pastu/Documents/Magisterka/vivado_test/streaming_ans_ip_8/streaming_ans_ip_8.sdk/codec_demo_app/Debug/codec_demo_app.elf' is downloaded to processor 'ps7_cortexa9_0'.
16:56:03 INFO  : 'configparams force-mem-access 0' command is executed.
16:56:03 INFO  : ----------------XSDB Script----------------
connect -url tcp:127.0.0.1:3121
source C:/Users/pastu/Documents/Magisterka/vivado_test/streaming_ans_ip_8/streaming_ans_ip_8.sdk/design_1_wrapper_hw_platform_0/ps7_init.tcl
targets -set -nocase -filter {name =~"APU*" && jtag_cable_name =~ "Digilent Zybo 210279A42842A"} -index 0
loadhw -hw C:/Users/pastu/Documents/Magisterka/vivado_test/streaming_ans_ip_8/streaming_ans_ip_8.sdk/design_1_wrapper_hw_platform_0/system.hdf -mem-ranges [list {0x40000000 0xbfffffff}]
configparams force-mem-access 1
targets -set -nocase -filter {name =~"APU*" && jtag_cable_name =~ "Digilent Zybo 210279A42842A"} -index 0
stop
ps7_init
ps7_post_config
targets -set -nocase -filter {name =~ "ARM*#0" && jtag_cable_name =~ "Digilent Zybo 210279A42842A"} -index 0
rst -processor
targets -set -nocase -filter {name =~ "ARM*#0" && jtag_cable_name =~ "Digilent Zybo 210279A42842A"} -index 0
dow C:/Users/pastu/Documents/Magisterka/vivado_test/streaming_ans_ip_8/streaming_ans_ip_8.sdk/codec_demo_app/Debug/codec_demo_app.elf
configparams force-mem-access 0
----------------End of Script----------------

16:56:03 INFO  : Memory regions updated for context APU
16:56:03 INFO  : Context for processor 'ps7_cortexa9_0' is selected.
16:56:03 INFO  : 'con' command is executed.
16:56:03 INFO  : ----------------XSDB Script (After Launch)----------------
targets -set -nocase -filter {name =~ "ARM*#0" && jtag_cable_name =~ "Digilent Zybo 210279A42842A"} -index 0
con
----------------End of Script----------------

16:56:03 INFO  : Launch script is exported to file 'C:\Users\pastu\Documents\Magisterka\vivado_test\streaming_ans_ip_8\streaming_ans_ip_8.sdk\.sdk\launch_scripts\xilinx_c-c++_application_(system_debugger)\system_debugger_using_debug_codec_demo_app.elf_on_local.tcl'
16:56:13 INFO  : Disconnected from the channel tcfchan#3.
16:56:14 INFO  : 'targets -set -filter {jtag_cable_name =~ "Digilent Zybo 210279A42842A" && level==0} -index 1' command is executed.
16:56:14 INFO  : 'fpga -state' command is executed.
16:56:14 INFO  : Connected to target on host '127.0.0.1' and port '3121'.
16:56:14 INFO  : Jtag cable 'Digilent Zybo 210279A42842A' is selected.
16:56:14 INFO  : 'jtag frequency' command is executed.
16:56:14 INFO  : Sourcing of 'C:/Users/pastu/Documents/Magisterka/vivado_test/streaming_ans_ip_8/streaming_ans_ip_8.sdk/design_1_wrapper_hw_platform_0/ps7_init.tcl' is done.
16:56:14 INFO  : Context for 'APU' is selected.
16:56:14 INFO  : Hardware design information is loaded from 'C:/Users/pastu/Documents/Magisterka/vivado_test/streaming_ans_ip_8/streaming_ans_ip_8.sdk/design_1_wrapper_hw_platform_0/system.hdf'.
16:56:14 INFO  : 'configparams force-mem-access 1' command is executed.
16:56:14 INFO  : Context for 'APU' is selected.
16:56:14 INFO  : 'stop' command is executed.
16:56:15 INFO  : 'ps7_init' command is executed.
16:56:15 INFO  : 'ps7_post_config' command is executed.
16:56:15 INFO  : Context for processor 'ps7_cortexa9_0' is selected.
16:56:15 INFO  : Processor reset is completed for 'ps7_cortexa9_0'.
16:56:15 INFO  : Context for processor 'ps7_cortexa9_0' is selected.
16:56:15 INFO  : The application 'C:/Users/pastu/Documents/Magisterka/vivado_test/streaming_ans_ip_8/streaming_ans_ip_8.sdk/codec_demo_app/Debug/codec_demo_app.elf' is downloaded to processor 'ps7_cortexa9_0'.
16:56:15 INFO  : 'configparams force-mem-access 0' command is executed.
16:56:15 INFO  : ----------------XSDB Script----------------
connect -url tcp:127.0.0.1:3121
source C:/Users/pastu/Documents/Magisterka/vivado_test/streaming_ans_ip_8/streaming_ans_ip_8.sdk/design_1_wrapper_hw_platform_0/ps7_init.tcl
targets -set -nocase -filter {name =~"APU*" && jtag_cable_name =~ "Digilent Zybo 210279A42842A"} -index 0
loadhw -hw C:/Users/pastu/Documents/Magisterka/vivado_test/streaming_ans_ip_8/streaming_ans_ip_8.sdk/design_1_wrapper_hw_platform_0/system.hdf -mem-ranges [list {0x40000000 0xbfffffff}]
configparams force-mem-access 1
targets -set -nocase -filter {name =~"APU*" && jtag_cable_name =~ "Digilent Zybo 210279A42842A"} -index 0
stop
ps7_init
ps7_post_config
targets -set -nocase -filter {name =~ "ARM*#0" && jtag_cable_name =~ "Digilent Zybo 210279A42842A"} -index 0
rst -processor
targets -set -nocase -filter {name =~ "ARM*#0" && jtag_cable_name =~ "Digilent Zybo 210279A42842A"} -index 0
dow C:/Users/pastu/Documents/Magisterka/vivado_test/streaming_ans_ip_8/streaming_ans_ip_8.sdk/codec_demo_app/Debug/codec_demo_app.elf
configparams force-mem-access 0
----------------End of Script----------------

16:56:15 INFO  : Memory regions updated for context APU
16:56:15 INFO  : Context for processor 'ps7_cortexa9_0' is selected.
16:56:15 INFO  : 'con' command is executed.
16:56:15 INFO  : ----------------XSDB Script (After Launch)----------------
targets -set -nocase -filter {name =~ "ARM*#0" && jtag_cable_name =~ "Digilent Zybo 210279A42842A"} -index 0
con
----------------End of Script----------------

16:56:15 INFO  : Launch script is exported to file 'C:\Users\pastu\Documents\Magisterka\vivado_test\streaming_ans_ip_8\streaming_ans_ip_8.sdk\.sdk\launch_scripts\xilinx_c-c++_application_(system_debugger)\system_debugger_using_debug_codec_demo_app.elf_on_local.tcl'
17:07:29 INFO  : Disconnected from the channel tcfchan#4.
17:13:24 INFO  : Registering command handlers for SDK TCF services
17:13:25 INFO  : Launching XSCT server: xsct.bat -interactive C:\Users\pastu\Documents\Magisterka\vivado_test\streaming_ans_ip_8\streaming_ans_ip_8.sdk\temp_xsdb_launch_script.tcl
17:13:28 INFO  : XSCT server has started successfully.
17:13:28 INFO  : Successfully done setting XSCT server connection channel  
17:13:28 INFO  : Successfully done setting SDK workspace  
17:13:28 INFO  : Processing command line option -hwspec C:/Users/pastu/Documents/Magisterka/vivado_test/streaming_ans_ip_8/streaming_ans_ip_8.sdk/design_1_wrapper.hdf.
17:13:29 INFO  : Checking for hwspec changes in the project design_1_wrapper_hw_platform_0.
17:13:33 INFO  : SDK has detected change in the last modified timestamps for source hardware specification file Source:1692889974955,  Project:1692888704668
17:13:33 INFO  : The hardware specification for project 'design_1_wrapper_hw_platform_0' is different from C:/Users/pastu/Documents/Magisterka/vivado_test/streaming_ans_ip_8/streaming_ans_ip_8.sdk/design_1_wrapper.hdf.
17:13:33 INFO  : Copied contents of C:/Users/pastu/Documents/Magisterka/vivado_test/streaming_ans_ip_8/streaming_ans_ip_8.sdk/design_1_wrapper.hdf into \design_1_wrapper_hw_platform_0\system.hdf.
17:13:36 INFO  : Synchronizing projects in the workspace with the hardware platform specification changes.
17:13:39 INFO  : 
17:13:40 INFO  : Updating hardware inferred compiler options for codec_demo_app.
17:13:40 INFO  : Clearing existing target manager status.
17:14:04 INFO  : Connected to target on host '127.0.0.1' and port '3121'.
17:14:04 INFO  : 'targets -set -filter {jtag_cable_name =~ "Digilent Zybo 210279A42842A" && level==0} -index 1' command is executed.
17:14:05 INFO  : FPGA configured successfully with bitstream "C:/Users/pastu/Documents/Magisterka/vivado_test/streaming_ans_ip_8/streaming_ans_ip_8.sdk/design_1_wrapper_hw_platform_0/design_1_wrapper.bit"
17:14:10 INFO  : 'targets -set -filter {jtag_cable_name =~ "Digilent Zybo 210279A42842A" && level==0} -index 1' command is executed.
17:14:10 INFO  : 'fpga -state' command is executed.
17:14:10 INFO  : Connected to target on host '127.0.0.1' and port '3121'.
17:14:11 INFO  : Jtag cable 'Digilent Zybo 210279A42842A' is selected.
17:14:11 INFO  : 'jtag frequency' command is executed.
17:14:11 INFO  : Sourcing of 'C:/Users/pastu/Documents/Magisterka/vivado_test/streaming_ans_ip_8/streaming_ans_ip_8.sdk/design_1_wrapper_hw_platform_0/ps7_init.tcl' is done.
17:14:11 INFO  : Context for 'APU' is selected.
17:14:11 INFO  : Hardware design information is loaded from 'C:/Users/pastu/Documents/Magisterka/vivado_test/streaming_ans_ip_8/streaming_ans_ip_8.sdk/design_1_wrapper_hw_platform_0/system.hdf'.
17:14:11 INFO  : 'configparams force-mem-access 1' command is executed.
17:14:11 INFO  : Context for 'APU' is selected.
17:14:11 INFO  : 'stop' command is executed.
17:14:14 INFO  : 'ps7_init' command is executed.
17:14:14 INFO  : 'ps7_post_config' command is executed.
17:14:14 INFO  : Context for processor 'ps7_cortexa9_0' is selected.
17:14:14 INFO  : Processor reset is completed for 'ps7_cortexa9_0'.
17:14:14 INFO  : Context for processor 'ps7_cortexa9_0' is selected.
17:14:16 ERROR : Memory write error at 0x100000. AP transaction timeout
17:14:16 INFO  : ----------------XSDB Script----------------
connect -url tcp:127.0.0.1:3121
source C:/Users/pastu/Documents/Magisterka/vivado_test/streaming_ans_ip_8/streaming_ans_ip_8.sdk/design_1_wrapper_hw_platform_0/ps7_init.tcl
targets -set -nocase -filter {name =~"APU*" && jtag_cable_name =~ "Digilent Zybo 210279A42842A"} -index 0
loadhw -hw C:/Users/pastu/Documents/Magisterka/vivado_test/streaming_ans_ip_8/streaming_ans_ip_8.sdk/design_1_wrapper_hw_platform_0/system.hdf -mem-ranges [list {0x40000000 0xbfffffff}]
configparams force-mem-access 1
targets -set -nocase -filter {name =~"APU*" && jtag_cable_name =~ "Digilent Zybo 210279A42842A"} -index 0
stop
ps7_init
ps7_post_config
targets -set -nocase -filter {name =~ "ARM*#0" && jtag_cable_name =~ "Digilent Zybo 210279A42842A"} -index 0
rst -processor
targets -set -nocase -filter {name =~ "ARM*#0" && jtag_cable_name =~ "Digilent Zybo 210279A42842A"} -index 0
dow C:/Users/pastu/Documents/Magisterka/vivado_test/streaming_ans_ip_8/streaming_ans_ip_8.sdk/codec_demo_app/Debug/codec_demo_app.elf
----------------End of Script----------------

17:15:40 INFO  : 'targets -set -filter {jtag_cable_name =~ "Digilent Zybo 210279A42842A" && level==0} -index 1' command is executed.
17:15:40 INFO  : 'fpga -state' command is executed.
17:15:40 INFO  : Connected to target on host '127.0.0.1' and port '3121'.
17:15:40 INFO  : Jtag cable 'Digilent Zybo 210279A42842A' is selected.
17:15:40 INFO  : 'jtag frequency' command is executed.
17:15:40 INFO  : Sourcing of 'C:/Users/pastu/Documents/Magisterka/vivado_test/streaming_ans_ip_8/streaming_ans_ip_8.sdk/design_1_wrapper_hw_platform_0/ps7_init.tcl' is done.
17:15:40 INFO  : Context for 'APU' is selected.
17:15:40 INFO  : Hardware design information is loaded from 'C:/Users/pastu/Documents/Magisterka/vivado_test/streaming_ans_ip_8/streaming_ans_ip_8.sdk/design_1_wrapper_hw_platform_0/system.hdf'.
17:15:40 INFO  : 'configparams force-mem-access 1' command is executed.
17:15:40 INFO  : Context for 'APU' is selected.
17:15:40 INFO  : 'stop' command is executed.
17:15:40 ERROR : AP transaction error, DAP status f0000021
17:15:40 INFO  : ----------------XSDB Script----------------
connect -url tcp:127.0.0.1:3121
source C:/Users/pastu/Documents/Magisterka/vivado_test/streaming_ans_ip_8/streaming_ans_ip_8.sdk/design_1_wrapper_hw_platform_0/ps7_init.tcl
targets -set -nocase -filter {name =~"APU*" && jtag_cable_name =~ "Digilent Zybo 210279A42842A"} -index 0
loadhw -hw C:/Users/pastu/Documents/Magisterka/vivado_test/streaming_ans_ip_8/streaming_ans_ip_8.sdk/design_1_wrapper_hw_platform_0/system.hdf -mem-ranges [list {0x40000000 0xbfffffff}]
configparams force-mem-access 1
targets -set -nocase -filter {name =~"APU*" && jtag_cable_name =~ "Digilent Zybo 210279A42842A"} -index 0
stop
ps7_init
----------------End of Script----------------

17:15:58 INFO  : Connected to target on host '127.0.0.1' and port '3121'.
17:15:58 INFO  : 'targets -set -filter {jtag_cable_name =~ "Digilent Zybo 210279A42842A" && level==0} -index 1' command is executed.
17:15:59 INFO  : FPGA configured successfully with bitstream "C:/Users/pastu/Documents/Magisterka/vivado_test/streaming_ans_ip_8/streaming_ans_ip_8.sdk/design_1_wrapper_hw_platform_0/design_1_wrapper.bit"
17:16:16 INFO  : 'targets -set -filter {jtag_cable_name =~ "Digilent Zybo 210279A42842A" && level==0} -index 1' command is executed.
17:16:16 INFO  : 'fpga -state' command is executed.
17:16:16 INFO  : Connected to target on host '127.0.0.1' and port '3121'.
17:16:16 INFO  : Jtag cable 'Digilent Zybo 210279A42842A' is selected.
17:16:16 INFO  : 'jtag frequency' command is executed.
17:16:16 INFO  : Sourcing of 'C:/Users/pastu/Documents/Magisterka/vivado_test/streaming_ans_ip_8/streaming_ans_ip_8.sdk/design_1_wrapper_hw_platform_0/ps7_init.tcl' is done.
17:16:16 INFO  : Context for 'APU' is selected.
17:16:16 INFO  : Hardware design information is loaded from 'C:/Users/pastu/Documents/Magisterka/vivado_test/streaming_ans_ip_8/streaming_ans_ip_8.sdk/design_1_wrapper_hw_platform_0/system.hdf'.
17:16:16 INFO  : 'configparams force-mem-access 1' command is executed.
17:16:16 INFO  : Context for 'APU' is selected.
17:16:16 INFO  : 'stop' command is executed.
17:16:17 INFO  : 'ps7_init' command is executed.
17:16:17 INFO  : 'ps7_post_config' command is executed.
17:16:17 INFO  : Context for processor 'ps7_cortexa9_0' is selected.
17:16:17 INFO  : Processor reset is completed for 'ps7_cortexa9_0'.
17:16:17 INFO  : Context for processor 'ps7_cortexa9_0' is selected.
17:16:17 INFO  : The application 'C:/Users/pastu/Documents/Magisterka/vivado_test/streaming_ans_ip_8/streaming_ans_ip_8.sdk/codec_demo_app/Debug/codec_demo_app.elf' is downloaded to processor 'ps7_cortexa9_0'.
17:16:17 INFO  : 'configparams force-mem-access 0' command is executed.
17:16:17 INFO  : ----------------XSDB Script----------------
connect -url tcp:127.0.0.1:3121
source C:/Users/pastu/Documents/Magisterka/vivado_test/streaming_ans_ip_8/streaming_ans_ip_8.sdk/design_1_wrapper_hw_platform_0/ps7_init.tcl
targets -set -nocase -filter {name =~"APU*" && jtag_cable_name =~ "Digilent Zybo 210279A42842A"} -index 0
loadhw -hw C:/Users/pastu/Documents/Magisterka/vivado_test/streaming_ans_ip_8/streaming_ans_ip_8.sdk/design_1_wrapper_hw_platform_0/system.hdf -mem-ranges [list {0x40000000 0xbfffffff}]
configparams force-mem-access 1
targets -set -nocase -filter {name =~"APU*" && jtag_cable_name =~ "Digilent Zybo 210279A42842A"} -index 0
stop
ps7_init
ps7_post_config
targets -set -nocase -filter {name =~ "ARM*#0" && jtag_cable_name =~ "Digilent Zybo 210279A42842A"} -index 0
rst -processor
targets -set -nocase -filter {name =~ "ARM*#0" && jtag_cable_name =~ "Digilent Zybo 210279A42842A"} -index 0
dow C:/Users/pastu/Documents/Magisterka/vivado_test/streaming_ans_ip_8/streaming_ans_ip_8.sdk/codec_demo_app/Debug/codec_demo_app.elf
configparams force-mem-access 0
----------------End of Script----------------

17:16:17 INFO  : Memory regions updated for context APU
17:16:18 INFO  : Context for processor 'ps7_cortexa9_0' is selected.
17:16:18 INFO  : 'con' command is executed.
17:16:18 INFO  : ----------------XSDB Script (After Launch)----------------
targets -set -nocase -filter {name =~ "ARM*#0" && jtag_cable_name =~ "Digilent Zybo 210279A42842A"} -index 0
con
----------------End of Script----------------

17:16:18 INFO  : Launch script is exported to file 'C:\Users\pastu\Documents\Magisterka\vivado_test\streaming_ans_ip_8\streaming_ans_ip_8.sdk\.sdk\launch_scripts\xilinx_c-c++_application_(system_debugger)\system_debugger_using_debug_codec_demo_app.elf_on_local.tcl'
17:40:10 INFO  : Disconnected from the channel tcfchan#1.
17:40:11 INFO  : 'targets -set -filter {jtag_cable_name =~ "Digilent Zybo 210279A42842A" && level==0} -index 1' command is executed.
17:40:11 INFO  : 'fpga -state' command is executed.
17:40:11 INFO  : Connected to target on host '127.0.0.1' and port '3121'.
17:40:11 INFO  : Jtag cable 'Digilent Zybo 210279A42842A' is selected.
17:40:11 INFO  : 'jtag frequency' command is executed.
17:40:11 INFO  : Sourcing of 'C:/Users/pastu/Documents/Magisterka/vivado_test/streaming_ans_ip_8/streaming_ans_ip_8.sdk/design_1_wrapper_hw_platform_0/ps7_init.tcl' is done.
17:40:11 INFO  : Context for 'APU' is selected.
17:40:13 INFO  : Hardware design information is loaded from 'C:/Users/pastu/Documents/Magisterka/vivado_test/streaming_ans_ip_8/streaming_ans_ip_8.sdk/design_1_wrapper_hw_platform_0/system.hdf'.
17:40:13 INFO  : 'configparams force-mem-access 1' command is executed.
17:40:14 INFO  : Context for 'APU' is selected.
17:40:14 INFO  : 'stop' command is executed.
17:40:14 INFO  : 'ps7_init' command is executed.
17:40:14 INFO  : 'ps7_post_config' command is executed.
17:40:14 INFO  : Context for processor 'ps7_cortexa9_0' is selected.
17:40:14 INFO  : Processor reset is completed for 'ps7_cortexa9_0'.
17:40:14 INFO  : Context for processor 'ps7_cortexa9_0' is selected.
17:40:14 INFO  : The application 'C:/Users/pastu/Documents/Magisterka/vivado_test/streaming_ans_ip_8/streaming_ans_ip_8.sdk/codec_demo_app/Debug/codec_demo_app.elf' is downloaded to processor 'ps7_cortexa9_0'.
17:40:14 INFO  : 'configparams force-mem-access 0' command is executed.
17:40:14 INFO  : ----------------XSDB Script----------------
connect -url tcp:127.0.0.1:3121
source C:/Users/pastu/Documents/Magisterka/vivado_test/streaming_ans_ip_8/streaming_ans_ip_8.sdk/design_1_wrapper_hw_platform_0/ps7_init.tcl
targets -set -nocase -filter {name =~"APU*" && jtag_cable_name =~ "Digilent Zybo 210279A42842A"} -index 0
loadhw -hw C:/Users/pastu/Documents/Magisterka/vivado_test/streaming_ans_ip_8/streaming_ans_ip_8.sdk/design_1_wrapper_hw_platform_0/system.hdf -mem-ranges [list {0x40000000 0xbfffffff}]
configparams force-mem-access 1
targets -set -nocase -filter {name =~"APU*" && jtag_cable_name =~ "Digilent Zybo 210279A42842A"} -index 0
stop
ps7_init
ps7_post_config
targets -set -nocase -filter {name =~ "ARM*#0" && jtag_cable_name =~ "Digilent Zybo 210279A42842A"} -index 0
rst -processor
targets -set -nocase -filter {name =~ "ARM*#0" && jtag_cable_name =~ "Digilent Zybo 210279A42842A"} -index 0
dow C:/Users/pastu/Documents/Magisterka/vivado_test/streaming_ans_ip_8/streaming_ans_ip_8.sdk/codec_demo_app/Debug/codec_demo_app.elf
configparams force-mem-access 0
----------------End of Script----------------

17:40:14 INFO  : Memory regions updated for context APU
17:40:15 INFO  : Context for processor 'ps7_cortexa9_0' is selected.
17:40:15 INFO  : 'con' command is executed.
17:40:15 INFO  : ----------------XSDB Script (After Launch)----------------
targets -set -nocase -filter {name =~ "ARM*#0" && jtag_cable_name =~ "Digilent Zybo 210279A42842A"} -index 0
con
----------------End of Script----------------

17:40:15 INFO  : Launch script is exported to file 'C:\Users\pastu\Documents\Magisterka\vivado_test\streaming_ans_ip_8\streaming_ans_ip_8.sdk\.sdk\launch_scripts\xilinx_c-c++_application_(system_debugger)\system_debugger_using_debug_codec_demo_app.elf_on_local.tcl'
17:40:55 INFO  : Disconnected from the channel tcfchan#2.
17:40:56 INFO  : 'targets -set -filter {jtag_cable_name =~ "Digilent Zybo 210279A42842A" && level==0} -index 1' command is executed.
17:40:56 INFO  : 'fpga -state' command is executed.
17:40:56 INFO  : Connected to target on host '127.0.0.1' and port '3121'.
17:40:57 INFO  : Jtag cable 'Digilent Zybo 210279A42842A' is selected.
17:40:57 INFO  : 'jtag frequency' command is executed.
17:40:57 INFO  : Sourcing of 'C:/Users/pastu/Documents/Magisterka/vivado_test/streaming_ans_ip_8/streaming_ans_ip_8.sdk/design_1_wrapper_hw_platform_0/ps7_init.tcl' is done.
17:40:57 INFO  : Context for 'APU' is selected.
17:40:57 INFO  : Hardware design information is loaded from 'C:/Users/pastu/Documents/Magisterka/vivado_test/streaming_ans_ip_8/streaming_ans_ip_8.sdk/design_1_wrapper_hw_platform_0/system.hdf'.
17:40:57 INFO  : 'configparams force-mem-access 1' command is executed.
17:40:57 INFO  : Context for 'APU' is selected.
17:40:57 INFO  : 'stop' command is executed.
17:40:57 INFO  : 'ps7_init' command is executed.
17:40:57 INFO  : 'ps7_post_config' command is executed.
17:40:57 INFO  : Context for processor 'ps7_cortexa9_0' is selected.
17:40:57 INFO  : Processor reset is completed for 'ps7_cortexa9_0'.
17:40:58 INFO  : Context for processor 'ps7_cortexa9_0' is selected.
17:40:58 INFO  : The application 'C:/Users/pastu/Documents/Magisterka/vivado_test/streaming_ans_ip_8/streaming_ans_ip_8.sdk/codec_demo_app/Debug/codec_demo_app.elf' is downloaded to processor 'ps7_cortexa9_0'.
17:40:58 INFO  : 'configparams force-mem-access 0' command is executed.
17:40:58 INFO  : ----------------XSDB Script----------------
connect -url tcp:127.0.0.1:3121
source C:/Users/pastu/Documents/Magisterka/vivado_test/streaming_ans_ip_8/streaming_ans_ip_8.sdk/design_1_wrapper_hw_platform_0/ps7_init.tcl
targets -set -nocase -filter {name =~"APU*" && jtag_cable_name =~ "Digilent Zybo 210279A42842A"} -index 0
loadhw -hw C:/Users/pastu/Documents/Magisterka/vivado_test/streaming_ans_ip_8/streaming_ans_ip_8.sdk/design_1_wrapper_hw_platform_0/system.hdf -mem-ranges [list {0x40000000 0xbfffffff}]
configparams force-mem-access 1
targets -set -nocase -filter {name =~"APU*" && jtag_cable_name =~ "Digilent Zybo 210279A42842A"} -index 0
stop
ps7_init
ps7_post_config
targets -set -nocase -filter {name =~ "ARM*#0" && jtag_cable_name =~ "Digilent Zybo 210279A42842A"} -index 0
rst -processor
targets -set -nocase -filter {name =~ "ARM*#0" && jtag_cable_name =~ "Digilent Zybo 210279A42842A"} -index 0
dow C:/Users/pastu/Documents/Magisterka/vivado_test/streaming_ans_ip_8/streaming_ans_ip_8.sdk/codec_demo_app/Debug/codec_demo_app.elf
configparams force-mem-access 0
----------------End of Script----------------

17:40:58 INFO  : Memory regions updated for context APU
17:40:58 INFO  : Context for processor 'ps7_cortexa9_0' is selected.
17:40:58 INFO  : 'con' command is executed.
17:40:58 INFO  : ----------------XSDB Script (After Launch)----------------
targets -set -nocase -filter {name =~ "ARM*#0" && jtag_cable_name =~ "Digilent Zybo 210279A42842A"} -index 0
con
----------------End of Script----------------

17:40:58 INFO  : Launch script is exported to file 'C:\Users\pastu\Documents\Magisterka\vivado_test\streaming_ans_ip_8\streaming_ans_ip_8.sdk\.sdk\launch_scripts\xilinx_c-c++_application_(system_debugger)\system_debugger_using_debug_codec_demo_app.elf_on_local.tcl'
17:41:25 INFO  : Disconnected from the channel tcfchan#3.
17:41:26 INFO  : 'targets -set -filter {jtag_cable_name =~ "Digilent Zybo 210279A42842A" && level==0} -index 1' command is executed.
17:41:26 INFO  : 'fpga -state' command is executed.
17:41:26 INFO  : Connected to target on host '127.0.0.1' and port '3121'.
17:41:26 INFO  : Jtag cable 'Digilent Zybo 210279A42842A' is selected.
17:41:26 INFO  : 'jtag frequency' command is executed.
17:41:26 INFO  : Sourcing of 'C:/Users/pastu/Documents/Magisterka/vivado_test/streaming_ans_ip_8/streaming_ans_ip_8.sdk/design_1_wrapper_hw_platform_0/ps7_init.tcl' is done.
17:41:26 INFO  : Context for 'APU' is selected.
17:41:26 INFO  : Hardware design information is loaded from 'C:/Users/pastu/Documents/Magisterka/vivado_test/streaming_ans_ip_8/streaming_ans_ip_8.sdk/design_1_wrapper_hw_platform_0/system.hdf'.
17:41:26 INFO  : 'configparams force-mem-access 1' command is executed.
17:41:26 INFO  : Context for 'APU' is selected.
17:41:26 INFO  : 'stop' command is executed.
17:41:27 INFO  : 'ps7_init' command is executed.
17:41:27 INFO  : 'ps7_post_config' command is executed.
17:41:27 INFO  : Context for processor 'ps7_cortexa9_0' is selected.
17:41:27 INFO  : Processor reset is completed for 'ps7_cortexa9_0'.
17:41:27 INFO  : Context for processor 'ps7_cortexa9_0' is selected.
17:41:27 INFO  : The application 'C:/Users/pastu/Documents/Magisterka/vivado_test/streaming_ans_ip_8/streaming_ans_ip_8.sdk/codec_demo_app/Debug/codec_demo_app.elf' is downloaded to processor 'ps7_cortexa9_0'.
17:41:27 INFO  : 'configparams force-mem-access 0' command is executed.
17:41:27 INFO  : ----------------XSDB Script----------------
connect -url tcp:127.0.0.1:3121
source C:/Users/pastu/Documents/Magisterka/vivado_test/streaming_ans_ip_8/streaming_ans_ip_8.sdk/design_1_wrapper_hw_platform_0/ps7_init.tcl
targets -set -nocase -filter {name =~"APU*" && jtag_cable_name =~ "Digilent Zybo 210279A42842A"} -index 0
loadhw -hw C:/Users/pastu/Documents/Magisterka/vivado_test/streaming_ans_ip_8/streaming_ans_ip_8.sdk/design_1_wrapper_hw_platform_0/system.hdf -mem-ranges [list {0x40000000 0xbfffffff}]
configparams force-mem-access 1
targets -set -nocase -filter {name =~"APU*" && jtag_cable_name =~ "Digilent Zybo 210279A42842A"} -index 0
stop
ps7_init
ps7_post_config
targets -set -nocase -filter {name =~ "ARM*#0" && jtag_cable_name =~ "Digilent Zybo 210279A42842A"} -index 0
rst -processor
targets -set -nocase -filter {name =~ "ARM*#0" && jtag_cable_name =~ "Digilent Zybo 210279A42842A"} -index 0
dow C:/Users/pastu/Documents/Magisterka/vivado_test/streaming_ans_ip_8/streaming_ans_ip_8.sdk/codec_demo_app/Debug/codec_demo_app.elf
configparams force-mem-access 0
----------------End of Script----------------

17:41:27 INFO  : Memory regions updated for context APU
17:41:27 INFO  : Context for processor 'ps7_cortexa9_0' is selected.
17:41:27 INFO  : 'con' command is executed.
17:41:27 INFO  : ----------------XSDB Script (After Launch)----------------
targets -set -nocase -filter {name =~ "ARM*#0" && jtag_cable_name =~ "Digilent Zybo 210279A42842A"} -index 0
con
----------------End of Script----------------

17:41:27 INFO  : Launch script is exported to file 'C:\Users\pastu\Documents\Magisterka\vivado_test\streaming_ans_ip_8\streaming_ans_ip_8.sdk\.sdk\launch_scripts\xilinx_c-c++_application_(system_debugger)\system_debugger_using_debug_codec_demo_app.elf_on_local.tcl'
17:43:20 INFO  : Disconnected from the channel tcfchan#4.
17:43:21 INFO  : 'targets -set -filter {jtag_cable_name =~ "Digilent Zybo 210279A42842A" && level==0} -index 1' command is executed.
17:43:21 INFO  : 'fpga -state' command is executed.
17:43:21 INFO  : Connected to target on host '127.0.0.1' and port '3121'.
17:43:22 INFO  : Jtag cable 'Digilent Zybo 210279A42842A' is selected.
17:43:22 INFO  : 'jtag frequency' command is executed.
17:43:22 INFO  : Sourcing of 'C:/Users/pastu/Documents/Magisterka/vivado_test/streaming_ans_ip_8/streaming_ans_ip_8.sdk/design_1_wrapper_hw_platform_0/ps7_init.tcl' is done.
17:43:22 INFO  : Context for 'APU' is selected.
17:43:22 INFO  : Hardware design information is loaded from 'C:/Users/pastu/Documents/Magisterka/vivado_test/streaming_ans_ip_8/streaming_ans_ip_8.sdk/design_1_wrapper_hw_platform_0/system.hdf'.
17:43:22 INFO  : 'configparams force-mem-access 1' command is executed.
17:43:22 INFO  : Context for 'APU' is selected.
17:43:22 INFO  : 'stop' command is executed.
17:43:22 INFO  : 'ps7_init' command is executed.
17:43:22 INFO  : 'ps7_post_config' command is executed.
17:43:22 INFO  : Context for processor 'ps7_cortexa9_0' is selected.
17:43:22 INFO  : Processor reset is completed for 'ps7_cortexa9_0'.
17:43:22 INFO  : Context for processor 'ps7_cortexa9_0' is selected.
17:43:22 INFO  : The application 'C:/Users/pastu/Documents/Magisterka/vivado_test/streaming_ans_ip_8/streaming_ans_ip_8.sdk/codec_demo_app/Debug/codec_demo_app.elf' is downloaded to processor 'ps7_cortexa9_0'.
17:43:22 INFO  : 'configparams force-mem-access 0' command is executed.
17:43:22 INFO  : ----------------XSDB Script----------------
connect -url tcp:127.0.0.1:3121
source C:/Users/pastu/Documents/Magisterka/vivado_test/streaming_ans_ip_8/streaming_ans_ip_8.sdk/design_1_wrapper_hw_platform_0/ps7_init.tcl
targets -set -nocase -filter {name =~"APU*" && jtag_cable_name =~ "Digilent Zybo 210279A42842A"} -index 0
loadhw -hw C:/Users/pastu/Documents/Magisterka/vivado_test/streaming_ans_ip_8/streaming_ans_ip_8.sdk/design_1_wrapper_hw_platform_0/system.hdf -mem-ranges [list {0x40000000 0xbfffffff}]
configparams force-mem-access 1
targets -set -nocase -filter {name =~"APU*" && jtag_cable_name =~ "Digilent Zybo 210279A42842A"} -index 0
stop
ps7_init
ps7_post_config
targets -set -nocase -filter {name =~ "ARM*#0" && jtag_cable_name =~ "Digilent Zybo 210279A42842A"} -index 0
rst -processor
targets -set -nocase -filter {name =~ "ARM*#0" && jtag_cable_name =~ "Digilent Zybo 210279A42842A"} -index 0
dow C:/Users/pastu/Documents/Magisterka/vivado_test/streaming_ans_ip_8/streaming_ans_ip_8.sdk/codec_demo_app/Debug/codec_demo_app.elf
configparams force-mem-access 0
----------------End of Script----------------

17:43:23 INFO  : Memory regions updated for context APU
17:43:23 INFO  : Context for processor 'ps7_cortexa9_0' is selected.
17:43:23 INFO  : 'con' command is executed.
17:43:23 INFO  : ----------------XSDB Script (After Launch)----------------
targets -set -nocase -filter {name =~ "ARM*#0" && jtag_cable_name =~ "Digilent Zybo 210279A42842A"} -index 0
con
----------------End of Script----------------

17:43:23 INFO  : Launch script is exported to file 'C:\Users\pastu\Documents\Magisterka\vivado_test\streaming_ans_ip_8\streaming_ans_ip_8.sdk\.sdk\launch_scripts\xilinx_c-c++_application_(system_debugger)\system_debugger_using_debug_codec_demo_app.elf_on_local.tcl'
17:46:12 INFO  : Disconnected from the channel tcfchan#5.
17:46:13 INFO  : 'targets -set -filter {jtag_cable_name =~ "Digilent Zybo 210279A42842A" && level==0} -index 1' command is executed.
17:46:13 INFO  : 'fpga -state' command is executed.
17:46:13 INFO  : Connected to target on host '127.0.0.1' and port '3121'.
17:46:13 INFO  : Jtag cable 'Digilent Zybo 210279A42842A' is selected.
17:46:13 INFO  : 'jtag frequency' command is executed.
17:46:13 INFO  : Sourcing of 'C:/Users/pastu/Documents/Magisterka/vivado_test/streaming_ans_ip_8/streaming_ans_ip_8.sdk/design_1_wrapper_hw_platform_0/ps7_init.tcl' is done.
17:46:13 INFO  : Context for 'APU' is selected.
17:46:13 INFO  : Hardware design information is loaded from 'C:/Users/pastu/Documents/Magisterka/vivado_test/streaming_ans_ip_8/streaming_ans_ip_8.sdk/design_1_wrapper_hw_platform_0/system.hdf'.
17:46:13 INFO  : 'configparams force-mem-access 1' command is executed.
17:46:13 INFO  : Context for 'APU' is selected.
17:46:13 INFO  : 'stop' command is executed.
17:46:14 INFO  : 'ps7_init' command is executed.
17:46:14 INFO  : 'ps7_post_config' command is executed.
17:46:14 INFO  : Context for processor 'ps7_cortexa9_0' is selected.
17:46:14 INFO  : Processor reset is completed for 'ps7_cortexa9_0'.
17:46:14 INFO  : Context for processor 'ps7_cortexa9_0' is selected.
17:46:14 INFO  : The application 'C:/Users/pastu/Documents/Magisterka/vivado_test/streaming_ans_ip_8/streaming_ans_ip_8.sdk/codec_demo_app/Debug/codec_demo_app.elf' is downloaded to processor 'ps7_cortexa9_0'.
17:46:14 INFO  : 'configparams force-mem-access 0' command is executed.
17:46:14 INFO  : ----------------XSDB Script----------------
connect -url tcp:127.0.0.1:3121
source C:/Users/pastu/Documents/Magisterka/vivado_test/streaming_ans_ip_8/streaming_ans_ip_8.sdk/design_1_wrapper_hw_platform_0/ps7_init.tcl
targets -set -nocase -filter {name =~"APU*" && jtag_cable_name =~ "Digilent Zybo 210279A42842A"} -index 0
loadhw -hw C:/Users/pastu/Documents/Magisterka/vivado_test/streaming_ans_ip_8/streaming_ans_ip_8.sdk/design_1_wrapper_hw_platform_0/system.hdf -mem-ranges [list {0x40000000 0xbfffffff}]
configparams force-mem-access 1
targets -set -nocase -filter {name =~"APU*" && jtag_cable_name =~ "Digilent Zybo 210279A42842A"} -index 0
stop
ps7_init
ps7_post_config
targets -set -nocase -filter {name =~ "ARM*#0" && jtag_cable_name =~ "Digilent Zybo 210279A42842A"} -index 0
rst -processor
targets -set -nocase -filter {name =~ "ARM*#0" && jtag_cable_name =~ "Digilent Zybo 210279A42842A"} -index 0
dow C:/Users/pastu/Documents/Magisterka/vivado_test/streaming_ans_ip_8/streaming_ans_ip_8.sdk/codec_demo_app/Debug/codec_demo_app.elf
configparams force-mem-access 0
----------------End of Script----------------

17:46:14 INFO  : Memory regions updated for context APU
17:46:15 INFO  : Context for processor 'ps7_cortexa9_0' is selected.
17:46:15 INFO  : 'con' command is executed.
17:46:15 INFO  : ----------------XSDB Script (After Launch)----------------
targets -set -nocase -filter {name =~ "ARM*#0" && jtag_cable_name =~ "Digilent Zybo 210279A42842A"} -index 0
con
----------------End of Script----------------

17:46:15 INFO  : Launch script is exported to file 'C:\Users\pastu\Documents\Magisterka\vivado_test\streaming_ans_ip_8\streaming_ans_ip_8.sdk\.sdk\launch_scripts\xilinx_c-c++_application_(system_debugger)\system_debugger_using_debug_codec_demo_app.elf_on_local.tcl'
17:49:47 INFO  : Disconnected from the channel tcfchan#6.
17:49:48 INFO  : 'targets -set -filter {jtag_cable_name =~ "Digilent Zybo 210279A42842A" && level==0} -index 1' command is executed.
17:49:48 INFO  : 'fpga -state' command is executed.
17:49:48 INFO  : Connected to target on host '127.0.0.1' and port '3121'.
17:49:49 INFO  : Jtag cable 'Digilent Zybo 210279A42842A' is selected.
17:49:49 INFO  : 'jtag frequency' command is executed.
17:49:49 INFO  : Sourcing of 'C:/Users/pastu/Documents/Magisterka/vivado_test/streaming_ans_ip_8/streaming_ans_ip_8.sdk/design_1_wrapper_hw_platform_0/ps7_init.tcl' is done.
17:49:49 INFO  : Context for 'APU' is selected.
17:49:49 INFO  : Hardware design information is loaded from 'C:/Users/pastu/Documents/Magisterka/vivado_test/streaming_ans_ip_8/streaming_ans_ip_8.sdk/design_1_wrapper_hw_platform_0/system.hdf'.
17:49:49 INFO  : 'configparams force-mem-access 1' command is executed.
17:49:49 INFO  : Context for 'APU' is selected.
17:49:49 INFO  : 'stop' command is executed.
17:49:49 INFO  : 'ps7_init' command is executed.
17:49:49 INFO  : 'ps7_post_config' command is executed.
17:49:49 INFO  : Context for processor 'ps7_cortexa9_0' is selected.
17:49:49 INFO  : Processor reset is completed for 'ps7_cortexa9_0'.
17:49:49 INFO  : Context for processor 'ps7_cortexa9_0' is selected.
17:49:49 INFO  : The application 'C:/Users/pastu/Documents/Magisterka/vivado_test/streaming_ans_ip_8/streaming_ans_ip_8.sdk/codec_demo_app/Debug/codec_demo_app.elf' is downloaded to processor 'ps7_cortexa9_0'.
17:49:49 INFO  : 'configparams force-mem-access 0' command is executed.
17:49:49 INFO  : ----------------XSDB Script----------------
connect -url tcp:127.0.0.1:3121
source C:/Users/pastu/Documents/Magisterka/vivado_test/streaming_ans_ip_8/streaming_ans_ip_8.sdk/design_1_wrapper_hw_platform_0/ps7_init.tcl
targets -set -nocase -filter {name =~"APU*" && jtag_cable_name =~ "Digilent Zybo 210279A42842A"} -index 0
loadhw -hw C:/Users/pastu/Documents/Magisterka/vivado_test/streaming_ans_ip_8/streaming_ans_ip_8.sdk/design_1_wrapper_hw_platform_0/system.hdf -mem-ranges [list {0x40000000 0xbfffffff}]
configparams force-mem-access 1
targets -set -nocase -filter {name =~"APU*" && jtag_cable_name =~ "Digilent Zybo 210279A42842A"} -index 0
stop
ps7_init
ps7_post_config
targets -set -nocase -filter {name =~ "ARM*#0" && jtag_cable_name =~ "Digilent Zybo 210279A42842A"} -index 0
rst -processor
targets -set -nocase -filter {name =~ "ARM*#0" && jtag_cable_name =~ "Digilent Zybo 210279A42842A"} -index 0
dow C:/Users/pastu/Documents/Magisterka/vivado_test/streaming_ans_ip_8/streaming_ans_ip_8.sdk/codec_demo_app/Debug/codec_demo_app.elf
configparams force-mem-access 0
----------------End of Script----------------

17:49:49 INFO  : Memory regions updated for context APU
17:49:49 INFO  : Context for processor 'ps7_cortexa9_0' is selected.
17:49:49 INFO  : 'con' command is executed.
17:49:49 INFO  : ----------------XSDB Script (After Launch)----------------
targets -set -nocase -filter {name =~ "ARM*#0" && jtag_cable_name =~ "Digilent Zybo 210279A42842A"} -index 0
con
----------------End of Script----------------

17:49:49 INFO  : Launch script is exported to file 'C:\Users\pastu\Documents\Magisterka\vivado_test\streaming_ans_ip_8\streaming_ans_ip_8.sdk\.sdk\launch_scripts\xilinx_c-c++_application_(system_debugger)\system_debugger_using_debug_codec_demo_app.elf_on_local.tcl'
17:51:06 INFO  : Disconnected from the channel tcfchan#7.
17:51:07 INFO  : 'targets -set -filter {jtag_cable_name =~ "Digilent Zybo 210279A42842A" && level==0} -index 1' command is executed.
17:51:07 INFO  : 'fpga -state' command is executed.
17:51:07 INFO  : Connected to target on host '127.0.0.1' and port '3121'.
17:51:07 INFO  : Jtag cable 'Digilent Zybo 210279A42842A' is selected.
17:51:07 INFO  : 'jtag frequency' command is executed.
17:51:07 INFO  : Sourcing of 'C:/Users/pastu/Documents/Magisterka/vivado_test/streaming_ans_ip_8/streaming_ans_ip_8.sdk/design_1_wrapper_hw_platform_0/ps7_init.tcl' is done.
17:51:07 INFO  : Context for 'APU' is selected.
17:51:07 INFO  : Hardware design information is loaded from 'C:/Users/pastu/Documents/Magisterka/vivado_test/streaming_ans_ip_8/streaming_ans_ip_8.sdk/design_1_wrapper_hw_platform_0/system.hdf'.
17:51:07 INFO  : 'configparams force-mem-access 1' command is executed.
17:51:07 INFO  : Context for 'APU' is selected.
17:51:07 INFO  : 'stop' command is executed.
17:51:08 INFO  : 'ps7_init' command is executed.
17:51:08 INFO  : 'ps7_post_config' command is executed.
17:51:08 INFO  : Context for processor 'ps7_cortexa9_0' is selected.
17:51:08 INFO  : Processor reset is completed for 'ps7_cortexa9_0'.
17:51:08 INFO  : Context for processor 'ps7_cortexa9_0' is selected.
17:51:08 INFO  : The application 'C:/Users/pastu/Documents/Magisterka/vivado_test/streaming_ans_ip_8/streaming_ans_ip_8.sdk/codec_demo_app/Debug/codec_demo_app.elf' is downloaded to processor 'ps7_cortexa9_0'.
17:51:08 INFO  : 'configparams force-mem-access 0' command is executed.
17:51:08 INFO  : ----------------XSDB Script----------------
connect -url tcp:127.0.0.1:3121
source C:/Users/pastu/Documents/Magisterka/vivado_test/streaming_ans_ip_8/streaming_ans_ip_8.sdk/design_1_wrapper_hw_platform_0/ps7_init.tcl
targets -set -nocase -filter {name =~"APU*" && jtag_cable_name =~ "Digilent Zybo 210279A42842A"} -index 0
loadhw -hw C:/Users/pastu/Documents/Magisterka/vivado_test/streaming_ans_ip_8/streaming_ans_ip_8.sdk/design_1_wrapper_hw_platform_0/system.hdf -mem-ranges [list {0x40000000 0xbfffffff}]
configparams force-mem-access 1
targets -set -nocase -filter {name =~"APU*" && jtag_cable_name =~ "Digilent Zybo 210279A42842A"} -index 0
stop
ps7_init
ps7_post_config
targets -set -nocase -filter {name =~ "ARM*#0" && jtag_cable_name =~ "Digilent Zybo 210279A42842A"} -index 0
rst -processor
targets -set -nocase -filter {name =~ "ARM*#0" && jtag_cable_name =~ "Digilent Zybo 210279A42842A"} -index 0
dow C:/Users/pastu/Documents/Magisterka/vivado_test/streaming_ans_ip_8/streaming_ans_ip_8.sdk/codec_demo_app/Debug/codec_demo_app.elf
configparams force-mem-access 0
----------------End of Script----------------

17:51:08 INFO  : Memory regions updated for context APU
17:51:08 INFO  : Context for processor 'ps7_cortexa9_0' is selected.
17:51:08 INFO  : 'con' command is executed.
17:51:08 INFO  : ----------------XSDB Script (After Launch)----------------
targets -set -nocase -filter {name =~ "ARM*#0" && jtag_cable_name =~ "Digilent Zybo 210279A42842A"} -index 0
con
----------------End of Script----------------

17:51:08 INFO  : Launch script is exported to file 'C:\Users\pastu\Documents\Magisterka\vivado_test\streaming_ans_ip_8\streaming_ans_ip_8.sdk\.sdk\launch_scripts\xilinx_c-c++_application_(system_debugger)\system_debugger_using_debug_codec_demo_app.elf_on_local.tcl'
17:52:58 INFO  : Disconnected from the channel tcfchan#8.
