18:50:44 INFO  : Registering command handlers for SDK TCF services
18:50:45 INFO  : Launching XSCT server: xsct.bat -interactive C:\Users\pastu\Documents\Magisterka\kod_repo\streaming_ans_ip\streaming_ans_ip.sdk\temp_xsdb_launch_script.tcl
18:50:54 INFO  : XSCT server has started successfully.
18:50:54 INFO  : Successfully done setting XSCT server connection channel  
18:51:06 INFO  : Successfully done setting SDK workspace  
18:51:06 INFO  : Processing command line option -hwspec C:/Users/pastu/Documents/Magisterka/kod_repo/streaming_ans_ip/streaming_ans_ip.sdk/design_acc_wrapper.hdf.
12:59:14 INFO  : Launching XSCT server: xsct.bat -interactive C:\Users\pastu\Documents\Magisterka\kod_repo\streaming_ans_ip\streaming_ans_ip.sdk\temp_xsdb_launch_script.tcl
12:59:20 INFO  : XSCT server has started successfully.
12:59:37 INFO  : Successfully done setting XSCT server connection channel  
12:59:37 INFO  : Successfully done setting SDK workspace  
12:59:40 INFO  : Registering command handlers for SDK TCF services
12:59:42 INFO  : Processing command line option -hwspec C:/Users/pastu/Documents/Magisterka/kod_repo/streaming_ans_ip/streaming_ans_ip.sdk/design_acc_wrapper.hdf.
12:59:42 INFO  : Checking for hwspec changes in the project design_acc_wrapper_hw_platform_0.
19:42:55 INFO  : Registering command handlers for SDK TCF services
19:42:56 INFO  : Launching XSCT server: xsct.bat -interactive C:\Users\pastu\Documents\Magisterka\kod_repo\streaming_ans_ip\streaming_ans_ip.sdk\temp_xsdb_launch_script.tcl
19:43:00 INFO  : XSCT server has started successfully.
19:43:00 INFO  : Successfully done setting XSCT server connection channel  
19:43:05 INFO  : Successfully done setting SDK workspace  
19:43:05 INFO  : Processing command line option -hwspec C:/Users/pastu/Documents/Magisterka/kod_repo/streaming_ans_ip/streaming_ans_ip.sdk/design_acc_wrapper.hdf.
19:43:05 INFO  : Checking for hwspec changes in the project design_acc_wrapper_hw_platform_0.
20:48:02 INFO  : Registering command handlers for SDK TCF services
20:48:03 INFO  : Launching XSCT server: xsct.bat -interactive C:\Users\pastu\Documents\Magisterka\kod_repo\streaming_ans_ip\streaming_ans_ip.sdk\temp_xsdb_launch_script.tcl
20:48:07 INFO  : XSCT server has started successfully.
20:48:11 INFO  : Processing command line option -hwspec C:/Users/pastu/Documents/Magisterka/kod_repo/streaming_ans_ip/streaming_ans_ip.sdk/design_acc_wrapper.hdf.
20:48:11 INFO  : Successfully done setting XSCT server connection channel  
20:48:11 INFO  : Successfully done setting SDK workspace  
20:48:11 INFO  : Checking for hwspec changes in the project design_acc_wrapper_hw_platform_0.
20:48:18 INFO  : SDK has detected change in the last modified timestamps for source hardware specification file Source:1685558625971,  Project:1685378202801
20:48:18 INFO  : The hardware specification for project 'design_acc_wrapper_hw_platform_0' is different from C:/Users/pastu/Documents/Magisterka/kod_repo/streaming_ans_ip/streaming_ans_ip.sdk/design_acc_wrapper.hdf.
20:48:18 INFO  : Copied contents of C:/Users/pastu/Documents/Magisterka/kod_repo/streaming_ans_ip/streaming_ans_ip.sdk/design_acc_wrapper.hdf into \design_acc_wrapper_hw_platform_0\system.hdf.
20:48:23 INFO  : Synchronizing projects in the workspace with the hardware platform specification changes.
20:48:29 INFO  : 
20:48:30 INFO  : Updating hardware inferred compiler options for streaming_ans_demo_app.
20:48:30 INFO  : Clearing existing target manager status.
20:48:30 INFO  : Workspace synchronized with the new hardware specification file. Cleaning dependent projects...
20:48:32 WARN  : Linker script will not be updated automatically. Users need to update it manually.
22:01:08 INFO  : Registering command handlers for SDK TCF services
22:01:09 INFO  : Launching XSCT server: xsct.bat -interactive C:\Users\pastu\Documents\Magisterka\kod_repo\streaming_ans_ip\streaming_ans_ip.sdk\temp_xsdb_launch_script.tcl
22:01:12 INFO  : XSCT server has started successfully.
22:01:13 INFO  : Successfully done setting XSCT server connection channel  
22:01:13 INFO  : Successfully done setting SDK workspace  
22:01:13 INFO  : Processing command line option -hwspec C:/Users/pastu/Documents/Magisterka/kod_repo/streaming_ans_ip/streaming_ans_ip.sdk/design_acc_wrapper.hdf.
22:01:13 INFO  : Checking for hwspec changes in the project design_acc_wrapper_hw_platform_0.
22:02:10 INFO  : Connected to target on host '127.0.0.1' and port '3121'.
22:02:11 INFO  : 'targets -set -filter {jtag_cable_name =~ "Digilent Zybo 210279A42842A" && level==0} -index 1' command is executed.
22:02:12 INFO  : FPGA configured successfully with bitstream "C:/Users/pastu/Documents/Magisterka/kod_repo/streaming_ans_ip/streaming_ans_ip.sdk/design_acc_wrapper_hw_platform_0/design_acc_wrapper.bit"
22:02:53 INFO  : Connected to target on host '127.0.0.1' and port '3121'.
22:02:53 INFO  : 'targets -set -filter {jtag_cable_name =~ "Digilent Zybo 210279A42842A" && level==0} -index 1' command is executed.
22:02:54 INFO  : FPGA configured successfully with bitstream "C:/Users/pastu/Documents/Magisterka/kod_repo/streaming_ans_ip/streaming_ans_ip.sdk/design_acc_wrapper_hw_platform_0/design_acc_wrapper.bit"
22:04:10 INFO  : 'targets -set -filter {jtag_cable_name =~ "Digilent Zybo 210279A42842A" && level==0} -index 1' command is executed.
22:04:10 INFO  : 'fpga -state' command is executed.
22:04:10 INFO  : Connected to target on host '127.0.0.1' and port '3121'.
22:04:10 INFO  : Jtag cable 'Digilent Zybo 210279A42842A' is selected.
22:04:10 INFO  : 'jtag frequency' command is executed.
22:04:10 INFO  : Context for 'APU' is selected.
22:04:10 INFO  : Hardware design information is loaded from 'C:/Users/pastu/Documents/Magisterka/kod_repo/streaming_ans_ip/streaming_ans_ip.sdk/design_acc_wrapper_hw_platform_0/system.hdf'.
22:04:10 INFO  : 'configparams force-mem-access 1' command is executed.
22:04:10 INFO  : 'configparams force-mem-access 0' command is executed.
22:04:10 INFO  : ----------------XSDB Script----------------
connect -url tcp:127.0.0.1:3121
targets -set -nocase -filter {name =~"APU*" && jtag_cable_name =~ "Digilent Zybo 210279A42842A"} -index 0
loadhw -hw C:/Users/pastu/Documents/Magisterka/kod_repo/streaming_ans_ip/streaming_ans_ip.sdk/design_acc_wrapper_hw_platform_0/system.hdf -mem-ranges [list {0x40000000 0xbfffffff}]
configparams force-mem-access 1
configparams force-mem-access 0
----------------End of Script----------------

22:04:10 INFO  : Disconnected from the channel tcfchan#1.
22:05:03 INFO  : Attempting to launch Hardware server...
22:05:04 INFO  : Hardware server is launched successfully.
10:18:46 INFO  : Registering command handlers for SDK TCF services
10:18:48 INFO  : Launching XSCT server: xsct.bat -interactive C:\Users\pastu\Documents\Magisterka\kod_repo\streaming_ans_ip\streaming_ans_ip.sdk\temp_xsdb_launch_script.tcl
10:18:57 INFO  : XSCT server has started successfully.
10:19:11 INFO  : Successfully done setting XSCT server connection channel  
10:19:11 INFO  : Successfully done setting SDK workspace  
10:19:11 INFO  : Processing command line option -hwspec C:/Users/pastu/Documents/Magisterka/kod_repo/streaming_ans_ip/streaming_ans_ip.sdk/design_acc_wrapper.hdf.
10:19:11 INFO  : Checking for hwspec changes in the project design_acc_wrapper_hw_platform_0.
10:22:16 INFO  : Connected to target on host '127.0.0.1' and port '3121'.
10:22:17 INFO  : 'targets -set -filter {jtag_cable_name =~ "Digilent Zybo 210279A42842A" && level==0} -index 1' command is executed.
10:22:18 INFO  : FPGA configured successfully with bitstream "C:/Users/pastu/Documents/Magisterka/kod_repo/streaming_ans_ip/streaming_ans_ip.sdk/design_acc_wrapper_hw_platform_0/design_acc_wrapper.bit"
10:23:20 INFO  : 'targets -set -filter {jtag_cable_name =~ "Digilent Zybo 210279A42842A" && level==0} -index 1' command is executed.
10:23:20 INFO  : 'fpga -state' command is executed.
10:23:20 INFO  : Connected to target on host '127.0.0.1' and port '3121'.
10:23:21 INFO  : Jtag cable 'Digilent Zybo 210279A42842A' is selected.
10:23:21 INFO  : 'jtag frequency' command is executed.
10:23:21 INFO  : Context for 'APU' is selected.
10:23:21 INFO  : Hardware design information is loaded from 'C:/Users/pastu/Documents/Magisterka/kod_repo/streaming_ans_ip/streaming_ans_ip.sdk/design_acc_wrapper_hw_platform_0/system.hdf'.
10:23:21 INFO  : 'configparams force-mem-access 1' command is executed.
10:23:21 INFO  : 'configparams force-mem-access 0' command is executed.
10:23:21 INFO  : ----------------XSDB Script----------------
connect -url tcp:127.0.0.1:3121
targets -set -nocase -filter {name =~"APU*" && jtag_cable_name =~ "Digilent Zybo 210279A42842A"} -index 0
loadhw -hw C:/Users/pastu/Documents/Magisterka/kod_repo/streaming_ans_ip/streaming_ans_ip.sdk/design_acc_wrapper_hw_platform_0/system.hdf -mem-ranges [list {0x40000000 0xbfffffff}]
configparams force-mem-access 1
configparams force-mem-access 0
----------------End of Script----------------

10:23:21 INFO  : Disconnected from the channel tcfchan#1.
10:25:09 INFO  : 'targets -set -filter {jtag_cable_name =~ "Digilent Zybo 210279A42842A" && level==0} -index 1' command is executed.
10:25:09 INFO  : 'fpga -state' command is executed.
10:25:09 INFO  : Connected to target on host '127.0.0.1' and port '3121'.
10:25:10 INFO  : Jtag cable 'Digilent Zybo 210279A42842A' is selected.
10:25:10 INFO  : 'jtag frequency' command is executed.
10:25:10 INFO  : Sourcing of 'C:/Users/pastu/Documents/Magisterka/kod_repo/streaming_ans_ip/streaming_ans_ip.sdk/design_acc_wrapper_hw_platform_0/ps7_init.tcl' is done.
10:25:10 INFO  : Context for 'APU' is selected.
10:25:17 INFO  : Hardware design information is loaded from 'C:/Users/pastu/Documents/Magisterka/kod_repo/streaming_ans_ip/streaming_ans_ip.sdk/design_acc_wrapper_hw_platform_0/system.hdf'.
10:25:17 INFO  : 'configparams force-mem-access 1' command is executed.
10:25:17 INFO  : Context for 'APU' is selected.
10:25:17 INFO  : 'stop' command is executed.
10:25:19 INFO  : 'ps7_init' command is executed.
10:25:19 INFO  : 'ps7_post_config' command is executed.
10:25:19 INFO  : Context for processor 'ps7_cortexa9_0' is selected.
10:25:20 INFO  : Processor reset is completed for 'ps7_cortexa9_0'.
10:25:20 INFO  : Context for processor 'ps7_cortexa9_0' is selected.
10:25:20 INFO  : The application 'C:/Users/pastu/Documents/Magisterka/kod_repo/streaming_ans_ip/streaming_ans_ip.sdk/streaming_ans_demo_app/Debug/streaming_ans_demo_app.elf' is downloaded to processor 'ps7_cortexa9_0'.
10:25:20 INFO  : 'configparams force-mem-access 0' command is executed.
10:25:20 INFO  : ----------------XSDB Script----------------
connect -url tcp:127.0.0.1:3121
source C:/Users/pastu/Documents/Magisterka/kod_repo/streaming_ans_ip/streaming_ans_ip.sdk/design_acc_wrapper_hw_platform_0/ps7_init.tcl
targets -set -nocase -filter {name =~"APU*" && jtag_cable_name =~ "Digilent Zybo 210279A42842A"} -index 0
loadhw -hw C:/Users/pastu/Documents/Magisterka/kod_repo/streaming_ans_ip/streaming_ans_ip.sdk/design_acc_wrapper_hw_platform_0/system.hdf -mem-ranges [list {0x40000000 0xbfffffff}]
configparams force-mem-access 1
targets -set -nocase -filter {name =~"APU*" && jtag_cable_name =~ "Digilent Zybo 210279A42842A"} -index 0
stop
ps7_init
ps7_post_config
targets -set -nocase -filter {name =~ "ARM*#0" && jtag_cable_name =~ "Digilent Zybo 210279A42842A"} -index 0
rst -processor
targets -set -nocase -filter {name =~ "ARM*#0" && jtag_cable_name =~ "Digilent Zybo 210279A42842A"} -index 0
dow C:/Users/pastu/Documents/Magisterka/kod_repo/streaming_ans_ip/streaming_ans_ip.sdk/streaming_ans_demo_app/Debug/streaming_ans_demo_app.elf
configparams force-mem-access 0
----------------End of Script----------------

10:25:21 INFO  : Memory regions updated for context APU
10:25:21 INFO  : Context for processor 'ps7_cortexa9_0' is selected.
10:25:21 INFO  : 'con' command is executed.
10:25:21 INFO  : ----------------XSDB Script (After Launch)----------------
targets -set -nocase -filter {name =~ "ARM*#0" && jtag_cable_name =~ "Digilent Zybo 210279A42842A"} -index 0
con
----------------End of Script----------------

10:25:21 INFO  : Launch script is exported to file 'C:\Users\pastu\Documents\Magisterka\kod_repo\streaming_ans_ip\streaming_ans_ip.sdk\.sdk\launch_scripts\xilinx_c-c++_application_(system_debugger)\system_debugger_using_debug_streaming_ans_demo_app.elf_on_local.tcl'
10:26:10 INFO  : Disconnected from the channel tcfchan#2.
10:26:11 INFO  : 'targets -set -filter {jtag_cable_name =~ "Digilent Zybo 210279A42842A" && level==0} -index 1' command is executed.
10:26:11 INFO  : 'fpga -state' command is executed.
10:26:11 INFO  : Connected to target on host '127.0.0.1' and port '3121'.
10:26:12 INFO  : Jtag cable 'Digilent Zybo 210279A42842A' is selected.
10:26:12 INFO  : 'jtag frequency' command is executed.
10:26:12 INFO  : Sourcing of 'C:/Users/pastu/Documents/Magisterka/kod_repo/streaming_ans_ip/streaming_ans_ip.sdk/design_acc_wrapper_hw_platform_0/ps7_init.tcl' is done.
10:26:12 INFO  : Context for 'APU' is selected.
10:26:16 INFO  : Hardware design information is loaded from 'C:/Users/pastu/Documents/Magisterka/kod_repo/streaming_ans_ip/streaming_ans_ip.sdk/design_acc_wrapper_hw_platform_0/system.hdf'.
10:26:16 INFO  : 'configparams force-mem-access 1' command is executed.
10:26:16 INFO  : Context for 'APU' is selected.
10:26:16 INFO  : 'stop' command is executed.
10:26:18 INFO  : 'ps7_init' command is executed.
10:26:18 INFO  : 'ps7_post_config' command is executed.
10:26:19 INFO  : Context for processor 'ps7_cortexa9_0' is selected.
10:26:19 INFO  : Processor reset is completed for 'ps7_cortexa9_0'.
10:26:19 INFO  : Context for processor 'ps7_cortexa9_0' is selected.
10:26:19 INFO  : The application 'C:/Users/pastu/Documents/Magisterka/kod_repo/streaming_ans_ip/streaming_ans_ip.sdk/streaming_ans_demo_app/Debug/streaming_ans_demo_app.elf' is downloaded to processor 'ps7_cortexa9_0'.
10:26:19 INFO  : 'configparams force-mem-access 0' command is executed.
10:26:19 INFO  : ----------------XSDB Script----------------
connect -url tcp:127.0.0.1:3121
source C:/Users/pastu/Documents/Magisterka/kod_repo/streaming_ans_ip/streaming_ans_ip.sdk/design_acc_wrapper_hw_platform_0/ps7_init.tcl
targets -set -nocase -filter {name =~"APU*" && jtag_cable_name =~ "Digilent Zybo 210279A42842A"} -index 0
loadhw -hw C:/Users/pastu/Documents/Magisterka/kod_repo/streaming_ans_ip/streaming_ans_ip.sdk/design_acc_wrapper_hw_platform_0/system.hdf -mem-ranges [list {0x40000000 0xbfffffff}]
configparams force-mem-access 1
targets -set -nocase -filter {name =~"APU*" && jtag_cable_name =~ "Digilent Zybo 210279A42842A"} -index 0
stop
ps7_init
ps7_post_config
targets -set -nocase -filter {name =~ "ARM*#0" && jtag_cable_name =~ "Digilent Zybo 210279A42842A"} -index 0
rst -processor
targets -set -nocase -filter {name =~ "ARM*#0" && jtag_cable_name =~ "Digilent Zybo 210279A42842A"} -index 0
dow C:/Users/pastu/Documents/Magisterka/kod_repo/streaming_ans_ip/streaming_ans_ip.sdk/streaming_ans_demo_app/Debug/streaming_ans_demo_app.elf
configparams force-mem-access 0
----------------End of Script----------------

10:26:19 INFO  : Memory regions updated for context APU
10:26:20 INFO  : Context for processor 'ps7_cortexa9_0' is selected.
10:26:20 INFO  : 'con' command is executed.
10:26:20 INFO  : ----------------XSDB Script (After Launch)----------------
targets -set -nocase -filter {name =~ "ARM*#0" && jtag_cable_name =~ "Digilent Zybo 210279A42842A"} -index 0
con
----------------End of Script----------------

10:26:20 INFO  : Launch script is exported to file 'C:\Users\pastu\Documents\Magisterka\kod_repo\streaming_ans_ip\streaming_ans_ip.sdk\.sdk\launch_scripts\xilinx_c-c++_application_(system_debugger)\system_debugger_using_debug_streaming_ans_demo_app.elf_on_local.tcl'
11:23:49 INFO  : Disconnected from the channel tcfchan#3.
11:23:50 INFO  : 'targets -set -filter {jtag_cable_name =~ "Digilent Zybo 210279A42842A" && level==0} -index 1' command is executed.
11:23:50 INFO  : 'fpga -state' command is executed.
11:23:56 INFO  : Memory regions updated for context APU
11:24:04 INFO  : Connected to target on host '127.0.0.1' and port '3121'.
11:24:04 INFO  : 'targets -set -filter {jtag_cable_name =~ "Digilent Zybo 210279A42842A" && level==0} -index 1' command is executed.
11:24:05 INFO  : FPGA configured successfully with bitstream "C:/Users/pastu/Documents/Magisterka/kod_repo/streaming_ans_ip/streaming_ans_ip.sdk/design_acc_wrapper_hw_platform_0/design_acc_wrapper.bit"
11:24:08 INFO  : 'targets -set -filter {jtag_cable_name =~ "Digilent Zybo 210279A42842A" && level==0} -index 1' command is executed.
11:24:08 INFO  : 'fpga -state' command is executed.
11:24:08 INFO  : Connected to target on host '127.0.0.1' and port '3121'.
11:24:09 INFO  : Jtag cable 'Digilent Zybo 210279A42842A' is selected.
11:24:09 INFO  : 'jtag frequency' command is executed.
11:24:09 INFO  : Sourcing of 'C:/Users/pastu/Documents/Magisterka/kod_repo/streaming_ans_ip/streaming_ans_ip.sdk/design_acc_wrapper_hw_platform_0/ps7_init.tcl' is done.
11:24:09 INFO  : Context for 'APU' is selected.
11:24:09 INFO  : Hardware design information is loaded from 'C:/Users/pastu/Documents/Magisterka/kod_repo/streaming_ans_ip/streaming_ans_ip.sdk/design_acc_wrapper_hw_platform_0/system.hdf'.
11:24:09 INFO  : 'configparams force-mem-access 1' command is executed.
11:24:09 INFO  : Context for 'APU' is selected.
11:24:09 INFO  : 'stop' command is executed.
11:24:09 INFO  : 'ps7_init' command is executed.
11:24:09 INFO  : 'ps7_post_config' command is executed.
11:24:09 INFO  : Context for processor 'ps7_cortexa9_0' is selected.
11:24:09 INFO  : Processor reset is completed for 'ps7_cortexa9_0'.
11:24:09 INFO  : Context for processor 'ps7_cortexa9_0' is selected.
11:24:09 INFO  : The application 'C:/Users/pastu/Documents/Magisterka/kod_repo/streaming_ans_ip/streaming_ans_ip.sdk/streaming_ans_demo_app/Debug/streaming_ans_demo_app.elf' is downloaded to processor 'ps7_cortexa9_0'.
11:24:09 INFO  : 'configparams force-mem-access 0' command is executed.
11:24:09 INFO  : ----------------XSDB Script----------------
connect -url tcp:127.0.0.1:3121
source C:/Users/pastu/Documents/Magisterka/kod_repo/streaming_ans_ip/streaming_ans_ip.sdk/design_acc_wrapper_hw_platform_0/ps7_init.tcl
targets -set -nocase -filter {name =~"APU*" && jtag_cable_name =~ "Digilent Zybo 210279A42842A"} -index 0
loadhw -hw C:/Users/pastu/Documents/Magisterka/kod_repo/streaming_ans_ip/streaming_ans_ip.sdk/design_acc_wrapper_hw_platform_0/system.hdf -mem-ranges [list {0x40000000 0xbfffffff}]
configparams force-mem-access 1
targets -set -nocase -filter {name =~"APU*" && jtag_cable_name =~ "Digilent Zybo 210279A42842A"} -index 0
stop
ps7_init
ps7_post_config
targets -set -nocase -filter {name =~ "ARM*#0" && jtag_cable_name =~ "Digilent Zybo 210279A42842A"} -index 0
rst -processor
targets -set -nocase -filter {name =~ "ARM*#0" && jtag_cable_name =~ "Digilent Zybo 210279A42842A"} -index 0
dow C:/Users/pastu/Documents/Magisterka/kod_repo/streaming_ans_ip/streaming_ans_ip.sdk/streaming_ans_demo_app/Debug/streaming_ans_demo_app.elf
configparams force-mem-access 0
----------------End of Script----------------

11:24:10 INFO  : Memory regions updated for context APU
11:24:10 INFO  : Context for processor 'ps7_cortexa9_0' is selected.
11:24:10 INFO  : 'con' command is executed.
11:24:10 INFO  : ----------------XSDB Script (After Launch)----------------
targets -set -nocase -filter {name =~ "ARM*#0" && jtag_cable_name =~ "Digilent Zybo 210279A42842A"} -index 0
con
----------------End of Script----------------

11:24:10 INFO  : Launch script is exported to file 'C:\Users\pastu\Documents\Magisterka\kod_repo\streaming_ans_ip\streaming_ans_ip.sdk\.sdk\launch_scripts\xilinx_c-c++_application_(system_debugger)\system_debugger_using_debug_streaming_ans_demo_app.elf_on_local.tcl'
11:26:18 INFO  : Disconnected from the channel tcfchan#4.
11:26:19 INFO  : 'targets -set -filter {jtag_cable_name =~ "Digilent Zybo 210279A42842A" && level==0} -index 1' command is executed.
11:26:19 INFO  : 'fpga -state' command is executed.
11:26:19 INFO  : Connected to target on host '127.0.0.1' and port '3121'.
11:26:19 INFO  : Jtag cable 'Digilent Zybo 210279A42842A' is selected.
11:26:19 INFO  : 'jtag frequency' command is executed.
11:26:19 INFO  : Sourcing of 'C:/Users/pastu/Documents/Magisterka/kod_repo/streaming_ans_ip/streaming_ans_ip.sdk/design_acc_wrapper_hw_platform_0/ps7_init.tcl' is done.
11:26:19 INFO  : Context for 'APU' is selected.
11:26:22 INFO  : Hardware design information is loaded from 'C:/Users/pastu/Documents/Magisterka/kod_repo/streaming_ans_ip/streaming_ans_ip.sdk/design_acc_wrapper_hw_platform_0/system.hdf'.
11:26:22 INFO  : 'configparams force-mem-access 1' command is executed.
11:26:22 INFO  : Context for 'APU' is selected.
11:26:22 INFO  : 'stop' command is executed.
11:26:22 INFO  : 'ps7_init' command is executed.
11:26:22 INFO  : 'ps7_post_config' command is executed.
11:26:22 INFO  : Context for processor 'ps7_cortexa9_0' is selected.
11:26:22 INFO  : Processor reset is completed for 'ps7_cortexa9_0'.
11:26:22 INFO  : Context for processor 'ps7_cortexa9_0' is selected.
11:26:22 INFO  : The application 'C:/Users/pastu/Documents/Magisterka/kod_repo/streaming_ans_ip/streaming_ans_ip.sdk/streaming_ans_demo_app/Debug/streaming_ans_demo_app.elf' is downloaded to processor 'ps7_cortexa9_0'.
11:26:22 INFO  : 'configparams force-mem-access 0' command is executed.
11:26:22 INFO  : ----------------XSDB Script----------------
connect -url tcp:127.0.0.1:3121
source C:/Users/pastu/Documents/Magisterka/kod_repo/streaming_ans_ip/streaming_ans_ip.sdk/design_acc_wrapper_hw_platform_0/ps7_init.tcl
targets -set -nocase -filter {name =~"APU*" && jtag_cable_name =~ "Digilent Zybo 210279A42842A"} -index 0
loadhw -hw C:/Users/pastu/Documents/Magisterka/kod_repo/streaming_ans_ip/streaming_ans_ip.sdk/design_acc_wrapper_hw_platform_0/system.hdf -mem-ranges [list {0x40000000 0xbfffffff}]
configparams force-mem-access 1
targets -set -nocase -filter {name =~"APU*" && jtag_cable_name =~ "Digilent Zybo 210279A42842A"} -index 0
stop
ps7_init
ps7_post_config
targets -set -nocase -filter {name =~ "ARM*#0" && jtag_cable_name =~ "Digilent Zybo 210279A42842A"} -index 0
rst -processor
targets -set -nocase -filter {name =~ "ARM*#0" && jtag_cable_name =~ "Digilent Zybo 210279A42842A"} -index 0
dow C:/Users/pastu/Documents/Magisterka/kod_repo/streaming_ans_ip/streaming_ans_ip.sdk/streaming_ans_demo_app/Debug/streaming_ans_demo_app.elf
configparams force-mem-access 0
----------------End of Script----------------

11:26:22 INFO  : Memory regions updated for context APU
11:26:23 INFO  : Context for processor 'ps7_cortexa9_0' is selected.
11:26:23 INFO  : 'con' command is executed.
11:26:23 INFO  : ----------------XSDB Script (After Launch)----------------
targets -set -nocase -filter {name =~ "ARM*#0" && jtag_cable_name =~ "Digilent Zybo 210279A42842A"} -index 0
con
----------------End of Script----------------

11:26:23 INFO  : Launch script is exported to file 'C:\Users\pastu\Documents\Magisterka\kod_repo\streaming_ans_ip\streaming_ans_ip.sdk\.sdk\launch_scripts\xilinx_c-c++_application_(system_debugger)\system_debugger_using_debug_streaming_ans_demo_app.elf_on_local.tcl'
11:29:33 INFO  : Disconnected from the channel tcfchan#5.
11:29:35 INFO  : 'targets -set -filter {jtag_cable_name =~ "Digilent Zybo 210279A42842A" && level==0} -index 1' command is executed.
11:29:35 INFO  : 'fpga -state' command is executed.
11:29:35 INFO  : Connected to target on host '127.0.0.1' and port '3121'.
11:29:35 INFO  : Jtag cable 'Digilent Zybo 210279A42842A' is selected.
11:29:35 INFO  : 'jtag frequency' command is executed.
11:29:35 INFO  : Sourcing of 'C:/Users/pastu/Documents/Magisterka/kod_repo/streaming_ans_ip/streaming_ans_ip.sdk/design_acc_wrapper_hw_platform_0/ps7_init.tcl' is done.
11:29:35 INFO  : Context for 'APU' is selected.
11:29:37 INFO  : Hardware design information is loaded from 'C:/Users/pastu/Documents/Magisterka/kod_repo/streaming_ans_ip/streaming_ans_ip.sdk/design_acc_wrapper_hw_platform_0/system.hdf'.
11:29:37 INFO  : 'configparams force-mem-access 1' command is executed.
11:29:37 INFO  : Context for 'APU' is selected.
11:29:37 INFO  : 'stop' command is executed.
11:29:38 INFO  : 'ps7_init' command is executed.
11:29:38 INFO  : 'ps7_post_config' command is executed.
11:29:38 INFO  : Context for processor 'ps7_cortexa9_0' is selected.
11:29:38 INFO  : Processor reset is completed for 'ps7_cortexa9_0'.
11:29:38 INFO  : Context for processor 'ps7_cortexa9_0' is selected.
11:29:38 INFO  : The application 'C:/Users/pastu/Documents/Magisterka/kod_repo/streaming_ans_ip/streaming_ans_ip.sdk/streaming_ans_demo_app/Debug/streaming_ans_demo_app.elf' is downloaded to processor 'ps7_cortexa9_0'.
11:29:38 INFO  : 'configparams force-mem-access 0' command is executed.
11:29:38 INFO  : ----------------XSDB Script----------------
connect -url tcp:127.0.0.1:3121
source C:/Users/pastu/Documents/Magisterka/kod_repo/streaming_ans_ip/streaming_ans_ip.sdk/design_acc_wrapper_hw_platform_0/ps7_init.tcl
targets -set -nocase -filter {name =~"APU*" && jtag_cable_name =~ "Digilent Zybo 210279A42842A"} -index 0
loadhw -hw C:/Users/pastu/Documents/Magisterka/kod_repo/streaming_ans_ip/streaming_ans_ip.sdk/design_acc_wrapper_hw_platform_0/system.hdf -mem-ranges [list {0x40000000 0xbfffffff}]
configparams force-mem-access 1
targets -set -nocase -filter {name =~"APU*" && jtag_cable_name =~ "Digilent Zybo 210279A42842A"} -index 0
stop
ps7_init
ps7_post_config
targets -set -nocase -filter {name =~ "ARM*#0" && jtag_cable_name =~ "Digilent Zybo 210279A42842A"} -index 0
rst -processor
targets -set -nocase -filter {name =~ "ARM*#0" && jtag_cable_name =~ "Digilent Zybo 210279A42842A"} -index 0
dow C:/Users/pastu/Documents/Magisterka/kod_repo/streaming_ans_ip/streaming_ans_ip.sdk/streaming_ans_demo_app/Debug/streaming_ans_demo_app.elf
configparams force-mem-access 0
----------------End of Script----------------

11:29:38 INFO  : Memory regions updated for context APU
11:29:38 INFO  : Context for processor 'ps7_cortexa9_0' is selected.
11:29:38 INFO  : 'con' command is executed.
11:29:38 INFO  : ----------------XSDB Script (After Launch)----------------
targets -set -nocase -filter {name =~ "ARM*#0" && jtag_cable_name =~ "Digilent Zybo 210279A42842A"} -index 0
con
----------------End of Script----------------

11:29:38 INFO  : Launch script is exported to file 'C:\Users\pastu\Documents\Magisterka\kod_repo\streaming_ans_ip\streaming_ans_ip.sdk\.sdk\launch_scripts\xilinx_c-c++_application_(system_debugger)\system_debugger_using_debug_streaming_ans_demo_app.elf_on_local.tcl'
12:12:42 INFO  : Disconnected from the channel tcfchan#6.
12:38:04 INFO  : Registering command handlers for SDK TCF services
12:38:05 INFO  : Launching XSCT server: xsct.bat -interactive C:\Users\pastu\Documents\Magisterka\kod_repo\streaming_ans_ip\streaming_ans_ip.sdk\temp_xsdb_launch_script.tcl
12:38:10 INFO  : XSCT server has started successfully.
12:38:16 INFO  : Successfully done setting XSCT server connection channel  
12:38:16 INFO  : Successfully done setting SDK workspace  
12:38:16 INFO  : Processing command line option -hwspec C:/Users/pastu/Documents/Magisterka/kod_repo/streaming_ans_ip/streaming_ans_ip.sdk/design_acc_wrapper.hdf.
12:38:16 INFO  : Checking for hwspec changes in the project design_acc_wrapper_hw_platform_0.
12:38:26 INFO  : SDK has detected change in the last modified timestamps for source hardware specification file Source:1687516267812,  Project:1685558625971
12:38:26 INFO  : The hardware specification for project 'design_acc_wrapper_hw_platform_0' is different from C:/Users/pastu/Documents/Magisterka/kod_repo/streaming_ans_ip/streaming_ans_ip.sdk/design_acc_wrapper.hdf.
12:38:26 INFO  : Copied contents of C:/Users/pastu/Documents/Magisterka/kod_repo/streaming_ans_ip/streaming_ans_ip.sdk/design_acc_wrapper.hdf into \design_acc_wrapper_hw_platform_0\system.hdf.
12:38:32 INFO  : Synchronizing projects in the workspace with the hardware platform specification changes.
12:38:37 INFO  : 
12:38:38 INFO  : Updating hardware inferred compiler options for streaming_ans_demo_app.
12:38:38 INFO  : Clearing existing target manager status.
12:38:38 INFO  : Workspace synchronized with the new hardware specification file. Cleaning dependent projects...
12:38:41 WARN  : Linker script will not be updated automatically. Users need to update it manually.
12:40:29 INFO  : Connected to target on host '127.0.0.1' and port '3121'.
12:40:29 INFO  : 'targets -set -filter {jtag_cable_name =~ "Digilent Zybo 210279A42842A" && level==0} -index 1' command is executed.
12:40:31 INFO  : FPGA configured successfully with bitstream "C:/Users/pastu/Documents/Magisterka/kod_repo/streaming_ans_ip/streaming_ans_ip.sdk/design_acc_wrapper_hw_platform_0/design_acc_wrapper.bit"
12:41:35 INFO  : 'targets -set -filter {jtag_cable_name =~ "Digilent Zybo 210279A42842A" && level==0} -index 1' command is executed.
12:41:35 INFO  : 'fpga -state' command is executed.
12:41:35 INFO  : Connected to target on host '127.0.0.1' and port '3121'.
12:41:35 INFO  : Jtag cable 'Digilent Zybo 210279A42842A' is selected.
12:41:35 INFO  : 'jtag frequency' command is executed.
12:41:35 INFO  : Sourcing of 'C:/Users/pastu/Documents/Magisterka/kod_repo/streaming_ans_ip/streaming_ans_ip.sdk/design_acc_wrapper_hw_platform_0/ps7_init.tcl' is done.
12:41:35 INFO  : Context for 'APU' is selected.
12:41:35 INFO  : Hardware design information is loaded from 'C:/Users/pastu/Documents/Magisterka/kod_repo/streaming_ans_ip/streaming_ans_ip.sdk/design_acc_wrapper_hw_platform_0/system.hdf'.
12:41:35 INFO  : 'configparams force-mem-access 1' command is executed.
12:41:35 INFO  : Context for 'APU' is selected.
12:41:35 INFO  : 'stop' command is executed.
12:41:36 INFO  : 'ps7_init' command is executed.
12:41:36 INFO  : 'ps7_post_config' command is executed.
12:41:36 INFO  : Context for processor 'ps7_cortexa9_0' is selected.
12:41:36 INFO  : Processor reset is completed for 'ps7_cortexa9_0'.
12:41:36 INFO  : Context for processor 'ps7_cortexa9_0' is selected.
12:41:36 INFO  : The application 'C:/Users/pastu/Documents/Magisterka/kod_repo/streaming_ans_ip/streaming_ans_ip.sdk/streaming_ans_demo_app/Debug/streaming_ans_demo_app.elf' is downloaded to processor 'ps7_cortexa9_0'.
12:41:36 INFO  : 'configparams force-mem-access 0' command is executed.
12:41:36 INFO  : ----------------XSDB Script----------------
connect -url tcp:127.0.0.1:3121
source C:/Users/pastu/Documents/Magisterka/kod_repo/streaming_ans_ip/streaming_ans_ip.sdk/design_acc_wrapper_hw_platform_0/ps7_init.tcl
targets -set -nocase -filter {name =~"APU*" && jtag_cable_name =~ "Digilent Zybo 210279A42842A"} -index 0
loadhw -hw C:/Users/pastu/Documents/Magisterka/kod_repo/streaming_ans_ip/streaming_ans_ip.sdk/design_acc_wrapper_hw_platform_0/system.hdf -mem-ranges [list {0x40000000 0xbfffffff}]
configparams force-mem-access 1
targets -set -nocase -filter {name =~"APU*" && jtag_cable_name =~ "Digilent Zybo 210279A42842A"} -index 0
stop
ps7_init
ps7_post_config
targets -set -nocase -filter {name =~ "ARM*#0" && jtag_cable_name =~ "Digilent Zybo 210279A42842A"} -index 0
rst -processor
targets -set -nocase -filter {name =~ "ARM*#0" && jtag_cable_name =~ "Digilent Zybo 210279A42842A"} -index 0
dow C:/Users/pastu/Documents/Magisterka/kod_repo/streaming_ans_ip/streaming_ans_ip.sdk/streaming_ans_demo_app/Debug/streaming_ans_demo_app.elf
configparams force-mem-access 0
----------------End of Script----------------

12:41:36 INFO  : Memory regions updated for context APU
12:41:36 INFO  : Context for processor 'ps7_cortexa9_0' is selected.
12:41:36 INFO  : 'con' command is executed.
12:41:36 INFO  : ----------------XSDB Script (After Launch)----------------
targets -set -nocase -filter {name =~ "ARM*#0" && jtag_cable_name =~ "Digilent Zybo 210279A42842A"} -index 0
con
----------------End of Script----------------

12:41:36 INFO  : Launch script is exported to file 'C:\Users\pastu\Documents\Magisterka\kod_repo\streaming_ans_ip\streaming_ans_ip.sdk\.sdk\launch_scripts\xilinx_c-c++_application_(system_debugger)\system_debugger_using_debug_streaming_ans_demo_app.elf_on_local.tcl'
